<?xml version="1.0" encoding="UTF-8"?>
<coverage generated="1609290949109" clover="3.2.0">
  <project timestamp="1609290949109" name="All files">
    <metrics statements="570" coveredstatements="472" conditionals="172" coveredconditionals="114" methods="112" coveredmethods="87" elements="854" coveredelements="673" complexity="0" loc="570" ncloc="570" packages="7" files="32" classes="32"/>
    <package name="server.bot">
      <metrics statements="324" coveredstatements="274" conditionals="107" coveredconditionals="73" methods="43" coveredmethods="35"/>
      <file name="bubbles.js" path="/Users/cha/repos/discord-league-bot/server/bot/bubbles.js">
        <metrics statements="17" coveredstatements="5" conditionals="2" coveredconditionals="0" methods="1" coveredmethods="0"/>
        <line num="1" count="9" type="stmt"/>
        <line num="2" count="9" type="stmt"/>
        <line num="4" count="9" type="stmt"/>
        <line num="6" count="9" type="stmt"/>
        <line num="7" count="0" type="stmt"/>
        <line num="8" count="0" type="stmt"/>
        <line num="10" count="0" type="cond" truecount="0" falsecount="2"/>
        <line num="11" count="0" type="stmt"/>
        <line num="12" count="0" type="stmt"/>
        <line num="15" count="0" type="stmt"/>
        <line num="18" count="0" type="stmt"/>
        <line num="19" count="0" type="stmt"/>
        <line num="20" count="0" type="stmt"/>
        <line num="22" count="0" type="stmt"/>
        <line num="23" count="0" type="stmt"/>
        <line num="26" count="0" type="stmt"/>
        <line num="33" count="9" type="stmt"/>
      </file>
      <file name="callbacks.js" path="/Users/cha/repos/discord-league-bot/server/bot/callbacks.js">
        <metrics statements="14" coveredstatements="13" conditionals="4" coveredconditionals="1" methods="2" coveredmethods="1"/>
        <line num="1" count="9" type="stmt"/>
        <line num="2" count="9" type="stmt"/>
        <line num="3" count="9" type="stmt"/>
        <line num="4" count="9" type="stmt"/>
        <line num="5" count="9" type="stmt"/>
        <line num="6" count="9" type="stmt"/>
        <line num="7" count="9" type="stmt"/>
        <line num="8" count="9" type="stmt"/>
        <line num="9" count="9" type="stmt"/>
        <line num="12" count="9" type="cond" truecount="1" falsecount="1"/>
        <line num="16" count="9" type="stmt"/>
        <line num="21" count="1" type="stmt"/>
        <line num="24" count="0" type="stmt"/>
        <line num="39" count="9" type="stmt"/>
      </file>
      <file name="cancel.js" path="/Users/cha/repos/discord-league-bot/server/bot/cancel.js">
        <metrics statements="20" coveredstatements="15" conditionals="6" coveredconditionals="4" methods="1" coveredmethods="1"/>
        <line num="1" count="9" type="stmt"/>
        <line num="2" count="9" type="stmt"/>
        <line num="3" count="9" type="stmt"/>
        <line num="5" count="9" type="stmt"/>
        <line num="6" count="2" type="cond" truecount="1" falsecount="1"/>
        <line num="7" count="0" type="stmt"/>
        <line num="8" count="0" type="stmt"/>
        <line num="11" count="2" type="stmt"/>
        <line num="12" count="2" type="stmt"/>
        <line num="14" count="2" type="cond" truecount="1" falsecount="1"/>
        <line num="15" count="0" type="stmt"/>
        <line num="16" count="0" type="stmt"/>
        <line num="19" count="2" type="cond" truecount="2" falsecount="0"/>
        <line num="20" count="1" type="stmt"/>
        <line num="21" count="1" type="stmt"/>
        <line num="24" count="1" type="stmt"/>
        <line num="25" count="1" type="stmt"/>
        <line num="26" count="1" type="stmt"/>
        <line num="28" count="0" type="stmt"/>
        <line num="32" count="9" type="stmt"/>
      </file>
      <file name="createMatch.js" path="/Users/cha/repos/discord-league-bot/server/bot/createMatch.js">
        <metrics statements="38" coveredstatements="32" conditionals="11" coveredconditionals="7" methods="6" coveredmethods="6"/>
        <line num="1" count="9" type="stmt"/>
        <line num="2" count="9" type="stmt"/>
        <line num="3" count="9" type="stmt"/>
        <line num="4" count="9" type="stmt"/>
        <line num="5" count="9" type="stmt"/>
        <line num="6" count="9" type="stmt"/>
        <line num="7" count="9" type="stmt"/>
        <line num="8" count="9" type="stmt"/>
        <line num="10" count="9" type="stmt"/>
        <line num="15" count="9" type="stmt"/>
        <line num="21" count="8" type="stmt"/>
        <line num="22" count="8" type="stmt"/>
        <line num="23" count="8" type="stmt"/>
        <line num="25" count="8" type="stmt"/>
        <line num="26" count="8" type="cond" truecount="2" falsecount="0"/>
        <line num="27" count="2" type="stmt"/>
        <line num="28" count="2" type="stmt"/>
        <line num="30" count="2" type="cond" truecount="1" falsecount="1"/>
        <line num="31" count="0" type="stmt"/>
        <line num="32" count="0" type="cond" truecount="0" falsecount="2"/>
        <line num="33" count="0" type="stmt"/>
        <line num="34" count="0" type="stmt"/>
        <line num="37" count="2" type="stmt"/>
        <line num="39" count="2" type="stmt"/>
        <line num="40" count="4" type="stmt"/>
        <line num="44" count="8" type="cond" truecount="2" falsecount="0"/>
        <line num="45" count="6" type="stmt"/>
        <line num="46" count="6" type="stmt"/>
        <line num="47" count="28" type="stmt"/>
        <line num="50" count="6" type="stmt"/>
        <line num="51" count="28" type="stmt"/>
        <line num="58" count="14" type="stmt"/>
        <line num="59" count="14" type="stmt"/>
        <line num="62" count="8" type="stmt"/>
        <line num="64" count="8" type="stmt"/>
        <line num="72" count="0" type="stmt"/>
        <line num="73" count="0" type="stmt"/>
        <line num="77" count="9" type="stmt"/>
      </file>
      <file name="index.js" path="/Users/cha/repos/discord-league-bot/server/bot/index.js">
        <metrics statements="32" coveredstatements="27" conditionals="15" coveredconditionals="12" methods="3" coveredmethods="2"/>
        <line num="1" count="9" type="stmt"/>
        <line num="2" count="9" type="stmt"/>
        <line num="3" count="9" type="stmt"/>
        <line num="4" count="9" type="stmt"/>
        <line num="6" count="9" type="stmt"/>
        <line num="8" count="9" type="stmt"/>
        <line num="9" count="0" type="stmt"/>
        <line num="12" count="9" type="stmt"/>
        <line num="13" count="68" type="stmt"/>
        <line num="14" count="68" type="stmt"/>
        <line num="15" count="68" type="stmt"/>
        <line num="17" count="68" type="cond" truecount="2" falsecount="0"/>
        <line num="18" count="1" type="stmt"/>
        <line num="19" count="1" type="stmt"/>
        <line num="20" count="1" type="stmt"/>
        <line num="23" count="68" type="stmt"/>
        <line num="24" count="68" type="stmt"/>
        <line num="25" count="68" type="stmt"/>
        <line num="26" count="205" type="stmt"/>
        <line num="27" count="205" type="cond" truecount="2" falsecount="0"/>
        <line num="28" count="205" type="stmt"/>
        <line num="34" count="68" type="cond" truecount="2" falsecount="0"/>
        <line num="35" count="2" type="cond" truecount="2" falsecount="0"/>
        <line num="36" count="1" type="stmt"/>
        <line num="40" count="2" type="stmt"/>
        <line num="43" count="66" type="cond" truecount="1" falsecount="1"/>
        <line num="44" count="0" type="stmt"/>
        <line num="45" count="0" type="stmt"/>
        <line num="48" count="0" type="cond" truecount="0" falsecount="2"/>
        <line num="51" count="66" type="stmt"/>
        <line num="52" count="66" type="stmt"/>
        <line num="54" count="0" type="stmt"/>
      </file>
      <file name="messages.js" path="/Users/cha/repos/discord-league-bot/server/bot/messages.js">
        <metrics statements="25" coveredstatements="24" conditionals="6" coveredconditionals="5" methods="5" coveredmethods="5"/>
        <line num="1" count="9" type="stmt"/>
        <line num="2" count="9" type="stmt"/>
        <line num="3" count="9" type="stmt"/>
        <line num="4" count="9" type="stmt"/>
        <line num="5" count="9" type="stmt"/>
        <line num="6" count="9" type="stmt"/>
        <line num="8" count="9" type="stmt"/>
        <line num="10" count="9" type="stmt"/>
        <line num="11" count="6" type="cond" truecount="1" falsecount="1"/>
        <line num="12" count="6" type="stmt"/>
        <line num="15" count="0" type="stmt"/>
        <line num="18" count="9" type="stmt"/>
        <line num="19" count="6" type="stmt"/>
        <line num="28" count="9" type="stmt"/>
        <line num="29" count="8" type="stmt"/>
        <line num="30" count="8" type="stmt"/>
        <line num="31" count="8" type="stmt"/>
        <line num="33" count="8" type="stmt"/>
        <line num="47" count="9" type="stmt"/>
        <line num="48" count="33" type="stmt"/>
        <line num="50" count="33" type="cond" truecount="2" falsecount="0"/>
        <line num="54" count="33" type="stmt"/>
        <line num="60" count="9" type="stmt"/>
        <line num="61" count="1" type="stmt"/>
        <line num="77" count="9" type="stmt"/>
      </file>
      <file name="new.js" path="/Users/cha/repos/discord-league-bot/server/bot/new.js">
        <metrics statements="15" coveredstatements="15" conditionals="2" coveredconditionals="2" methods="1" coveredmethods="1"/>
        <line num="1" count="9" type="stmt"/>
        <line num="2" count="9" type="stmt"/>
        <line num="4" count="9" type="stmt"/>
        <line num="7" count="5" type="stmt"/>
        <line num="8" count="5" type="stmt"/>
        <line num="10" count="1" type="stmt"/>
        <line num="11" count="1" type="stmt"/>
        <line num="14" count="4" type="stmt"/>
        <line num="15" count="4" type="stmt"/>
        <line num="17" count="4" type="cond" truecount="2" falsecount="0"/>
        <line num="18" count="1" type="stmt"/>
        <line num="21" count="1" type="stmt"/>
        <line num="24" count="3" type="stmt"/>
        <line num="25" count="3" type="stmt"/>
        <line num="28" count="9" type="stmt"/>
      </file>
      <file name="queue.js" path="/Users/cha/repos/discord-league-bot/server/bot/queue.js">
        <metrics statements="94" coveredstatements="81" conditionals="39" coveredconditionals="26" methods="15" coveredmethods="11"/>
        <line num="1" count="9" type="stmt"/>
        <line num="2" count="9" type="stmt"/>
        <line num="3" count="9" type="stmt"/>
        <line num="4" count="9" type="stmt"/>
        <line num="5" count="9" type="stmt"/>
        <line num="6" count="9" type="stmt"/>
        <line num="7" count="9" type="stmt"/>
        <line num="8" count="9" type="stmt"/>
        <line num="10" count="9" type="stmt"/>
        <line num="11" count="44" type="stmt"/>
        <line num="12" count="44" type="stmt"/>
        <line num="13" count="44" type="cond" truecount="1" falsecount="1"/>
        <line num="15" count="44" type="cond" truecount="1" falsecount="1"/>
        <line num="17" count="44" type="cond" truecount="4" falsecount="0"/>
        <line num="18" count="41" type="cond" truecount="4" falsecount="0"/>
        <line num="20" count="38" type="cond" truecount="2" falsecount="0"/>
        <line num="21" count="38" type="stmt"/>
        <line num="22" count="38" type="cond" truecount="2" falsecount="0"/>
        <line num="23" count="38" type="stmt"/>
        <line num="31" count="9" type="stmt"/>
        <line num="36" count="9" type="stmt"/>
        <line num="41" count="9" type="stmt"/>
        <line num="42" count="6" type="stmt"/>
        <line num="43" count="6" type="stmt"/>
        <line num="44" count="6" type="stmt"/>
        <line num="46" count="6" type="stmt"/>
        <line num="51" count="6" type="stmt"/>
        <line num="52" count="0" type="cond" truecount="0" falsecount="2"/>
        <line num="54" count="0" type="stmt"/>
        <line num="55" count="0" type="cond" truecount="0" falsecount="2"/>
        <line num="57" count="0" type="stmt"/>
        <line num="58" count="0" type="stmt"/>
        <line num="60" count="0" type="cond" truecount="0" falsecount="2"/>
        <line num="62" count="0" type="stmt"/>
        <line num="65" count="6" type="stmt"/>
        <line num="66" count="6" type="stmt"/>
        <line num="67" count="6" type="cond" truecount="1" falsecount="1"/>
        <line num="68" count="6" type="stmt"/>
        <line num="69" count="6" type="stmt"/>
        <line num="74" count="9" type="stmt"/>
        <line num="75" count="8" type="stmt"/>
        <line num="76" count="8" type="stmt"/>
        <line num="78" count="44" type="stmt"/>
        <line num="79" count="8" type="stmt"/>
        <line num="82" count="8" type="stmt"/>
        <line num="83" count="8" type="stmt"/>
        <line num="84" count="32" type="stmt"/>
        <line num="86" count="8" type="stmt"/>
        <line num="87" count="8" type="stmt"/>
        <line num="90" count="9" type="cond" truecount="1" falsecount="0"/>
        <line num="93" count="44" type="stmt"/>
        <line num="94" count="44" type="stmt"/>
        <line num="95" count="44" type="stmt"/>
        <line num="96" count="44" type="stmt"/>
        <line num="97" count="38" type="stmt"/>
        <line num="99" count="38" type="cond" truecount="2" falsecount="0"/>
        <line num="100" count="3" type="cond" truecount="1" falsecount="1"/>
        <line num="101" count="3" type="stmt"/>
        <line num="106" count="3" type="stmt"/>
        <line num="109" count="35" type="cond" truecount="2" falsecount="0"/>
        <line num="110" count="27" type="stmt"/>
        <line num="111" count="27" type="cond" truecount="1" falsecount="1"/>
        <line num="112" count="27" type="stmt"/>
        <line num="115" count="8" type="stmt"/>
        <line num="117" count="8" type="stmt"/>
        <line num="119" count="8" type="cond" truecount="2" falsecount="0"/>
        <line num="120" count="6" type="stmt"/>
        <line num="123" count="6" type="stmt"/>
        <line num="126" count="8" type="stmt"/>
        <line num="127" count="8" type="stmt"/>
        <line num="129" count="6" type="stmt"/>
        <line num="130" count="6" type="cond" truecount="1" falsecount="1"/>
        <line num="131" count="6" type="stmt"/>
        <line num="135" count="9" type="stmt"/>
        <line num="136" count="38" type="stmt"/>
        <line num="139" count="9" type="stmt"/>
        <line num="140" count="6" type="cond" truecount="1" falsecount="1"/>
        <line num="141" count="0" type="stmt"/>
        <line num="143" count="0" type="stmt"/>
        <line num="144" count="0" type="stmt"/>
        <line num="150" count="0" type="stmt"/>
        <line num="151" count="0" type="stmt"/>
        <line num="154" count="0" type="stmt"/>
        <line num="157" count="6" type="stmt"/>
        <line num="160" count="9" type="stmt"/>
        <line num="161" count="4" type="stmt"/>
        <line num="162" count="4" type="stmt"/>
        <line num="163" count="3" type="stmt"/>
        <line num="164" count="3" type="stmt"/>
        <line num="165" count="3" type="stmt"/>
        <line num="167" count="1" type="stmt"/>
        <line num="168" count="1" type="stmt"/>
        <line num="169" count="1" type="stmt"/>
        <line num="173" count="9" type="stmt"/>
      </file>
      <file name="report.js" path="/Users/cha/repos/discord-league-bot/server/bot/report.js">
        <metrics statements="44" coveredstatements="42" conditionals="18" coveredconditionals="13" methods="7" coveredmethods="7"/>
        <line num="1" count="9" type="stmt"/>
        <line num="2" count="9" type="stmt"/>
        <line num="3" count="9" type="stmt"/>
        <line num="4" count="9" type="stmt"/>
        <line num="5" count="9" type="stmt"/>
        <line num="7" count="9" type="stmt"/>
        <line num="8" count="2" type="stmt"/>
        <line num="9" count="2" type="cond" truecount="2" falsecount="0"/>
        <line num="10" count="1" type="cond" truecount="1" falsecount="1"/>
        <line num="13" count="9" type="stmt"/>
        <line num="14" count="2" type="stmt"/>
        <line num="15" count="2" type="stmt"/>
        <line num="18" count="9" type="stmt"/>
        <line num="19" count="2" type="stmt"/>
        <line num="20" count="2" type="cond" truecount="2" falsecount="0"/>
        <line num="22" count="2" type="cond" truecount="1" falsecount="1"/>
        <line num="23" count="0" type="stmt"/>
        <line num="24" count="0" type="stmt"/>
        <line num="27" count="2" type="stmt"/>
        <line num="28" count="2" type="stmt"/>
        <line num="31" count="9" type="stmt"/>
        <line num="32" count="6" type="stmt"/>
        <line num="33" count="6" type="stmt"/>
        <line num="34" count="6" type="cond" truecount="1" falsecount="1"/>
        <line num="36" count="6" type="cond" truecount="1" falsecount="1"/>
        <line num="38" count="6" type="cond" truecount="2" falsecount="0"/>
        <line num="39" count="4" type="cond" truecount="2" falsecount="0"/>
        <line num="41" count="2" type="stmt"/>
        <line num="42" count="2" type="stmt"/>
        <line num="43" count="2" type="stmt"/>
        <line num="46" count="9" type="stmt"/>
        <line num="47" count="6" type="stmt"/>
        <line num="50" count="6" type="stmt"/>
        <line num="51" count="6" type="stmt"/>
        <line num="57" count="2" type="stmt"/>
        <line num="59" count="2" type="stmt"/>
        <line num="63" count="4" type="stmt"/>
        <line num="64" count="4" type="cond" truecount="1" falsecount="1"/>
        <line num="65" count="4" type="stmt"/>
        <line num="69" count="9" type="stmt"/>
        <line num="70" count="3" type="stmt"/>
        <line num="73" count="9" type="stmt"/>
        <line num="74" count="3" type="stmt"/>
        <line num="77" count="9" type="stmt"/>
      </file>
      <file name="roast.js" path="/Users/cha/repos/discord-league-bot/server/bot/roast.js">
        <metrics statements="6" coveredstatements="3" conditionals="0" coveredconditionals="0" methods="1" coveredmethods="0"/>
        <line num="1" count="9" type="stmt"/>
        <line num="3" count="9" type="stmt"/>
        <line num="4" count="0" type="stmt"/>
        <line num="5" count="0" type="stmt"/>
        <line num="7" count="0" type="stmt"/>
        <line num="10" count="9" type="stmt"/>
      </file>
      <file name="status.js" path="/Users/cha/repos/discord-league-bot/server/bot/status.js">
        <metrics statements="19" coveredstatements="17" conditionals="4" coveredconditionals="3" methods="1" coveredmethods="1"/>
        <line num="1" count="9" type="stmt"/>
        <line num="2" count="9" type="stmt"/>
        <line num="3" count="9" type="stmt"/>
        <line num="4" count="9" type="stmt"/>
        <line num="6" count="9" type="stmt"/>
        <line num="7" count="4" type="cond" truecount="2" falsecount="0"/>
        <line num="8" count="1" type="stmt"/>
        <line num="9" count="3" type="stmt"/>
        <line num="10" count="3" type="stmt"/>
        <line num="11" count="3" type="cond" truecount="1" falsecount="1"/>
        <line num="14" count="1" type="stmt"/>
        <line num="19" count="3" type="stmt"/>
        <line num="20" count="3" type="stmt"/>
        <line num="22" count="0" type="stmt"/>
        <line num="23" count="0" type="stmt"/>
        <line num="26" count="3" type="stmt"/>
        <line num="27" count="3" type="stmt"/>
        <line num="28" count="3" type="stmt"/>
        <line num="31" count="9" type="stmt"/>
      </file>
    </package>
    <package name="server.constants">
      <metrics statements="6" coveredstatements="6" conditionals="0" coveredconditionals="0" methods="0" coveredmethods="0"/>
      <file name="ERRORS.js" path="/Users/cha/repos/discord-league-bot/server/constants/ERRORS.js">
        <metrics statements="2" coveredstatements="2" conditionals="0" coveredconditionals="0" methods="0" coveredmethods="0"/>
        <line num="1" count="10" type="stmt"/>
        <line num="15" count="10" type="stmt"/>
      </file>
      <file name="RL_RANKS.js" path="/Users/cha/repos/discord-league-bot/server/constants/RL_RANKS.js">
        <metrics statements="2" coveredstatements="2" conditionals="0" coveredconditionals="0" methods="0" coveredmethods="0"/>
        <line num="1" count="10" type="stmt"/>
        <line num="23" count="10" type="stmt"/>
      </file>
      <file name="TEAM_SIZES.js" path="/Users/cha/repos/discord-league-bot/server/constants/TEAM_SIZES.js">
        <metrics statements="2" coveredstatements="2" conditionals="0" coveredconditionals="0" methods="0" coveredmethods="0"/>
        <line num="1" count="9" type="stmt"/>
        <line num="3" count="9" type="stmt"/>
      </file>
    </package>
    <package name="server.data">
      <metrics statements="25" coveredstatements="25" conditionals="2" coveredconditionals="2" methods="6" coveredmethods="6"/>
      <file name="leagues.js" path="/Users/cha/repos/discord-league-bot/server/data/leagues.js">
        <metrics statements="4" coveredstatements="4" conditionals="0" coveredconditionals="0" methods="1" coveredmethods="1"/>
        <line num="1" count="9" type="stmt"/>
        <line num="3" count="9" type="stmt"/>
        <line num="5" count="33" type="stmt"/>
        <line num="12" count="9" type="stmt"/>
      </file>
      <file name="matchId.js" path="/Users/cha/repos/discord-league-bot/server/data/matchId.js">
        <metrics statements="17" coveredstatements="17" conditionals="2" coveredconditionals="2" methods="4" coveredmethods="4"/>
        <line num="1" count="9" type="stmt"/>
        <line num="3" count="9" type="stmt"/>
        <line num="6" count="8" type="stmt"/>
        <line num="7" count="8" type="stmt"/>
        <line num="8" count="8" type="stmt"/>
        <line num="9" count="8" type="stmt"/>
        <line num="10" count="8" type="cond" truecount="2" falsecount="0"/>
        <line num="11" count="8" type="stmt"/>
        <line num="14" count="8" type="stmt"/>
        <line num="17" count="9" type="stmt"/>
        <line num="18" count="12" type="stmt"/>
        <line num="19" count="12" type="stmt"/>
        <line num="27" count="9" type="stmt"/>
        <line num="28" count="8" type="stmt"/>
        <line num="29" count="8" type="stmt"/>
        <line num="30" count="8" type="stmt"/>
        <line num="33" count="9" type="stmt"/>
      </file>
      <file name="matches.js" path="/Users/cha/repos/discord-league-bot/server/data/matches.js">
        <metrics statements="4" coveredstatements="4" conditionals="0" coveredconditionals="0" methods="1" coveredmethods="1"/>
        <line num="1" count="21" type="stmt"/>
        <line num="3" count="21" type="stmt"/>
        <line num="5" count="12" type="stmt"/>
        <line num="12" count="21" type="stmt"/>
      </file>
    </package>
    <package name="server.data.util">
      <metrics statements="69" coveredstatements="47" conditionals="15" coveredconditionals="7" methods="16" coveredmethods="7"/>
      <file name="discord.js" path="/Users/cha/repos/discord-league-bot/server/data/util/discord.js">
        <metrics statements="8" coveredstatements="8" conditionals="2" coveredconditionals="1" methods="1" coveredmethods="1"/>
        <line num="1" count="9" type="stmt"/>
        <line num="5" count="9" type="stmt"/>
        <line num="6" count="9" type="cond" truecount="1" falsecount="1"/>
        <line num="7" count="9" type="stmt"/>
        <line num="8" count="9" type="stmt"/>
        <line num="10" count="9" type="stmt"/>
        <line num="13" count="9" type="stmt"/>
        <line num="15" count="9" type="stmt"/>
      </file>
      <file name="firebase.js" path="/Users/cha/repos/discord-league-bot/server/data/util/firebase.js">
        <metrics statements="4" coveredstatements="4" conditionals="0" coveredconditionals="0" methods="0" coveredmethods="0"/>
        <line num="1" count="21" type="stmt"/>
        <line num="3" count="21" type="stmt"/>
        <line num="18" count="21" type="stmt"/>
        <line num="20" count="21" type="stmt"/>
      </file>
      <file name="typeFactory.js" path="/Users/cha/repos/discord-league-bot/server/data/util/typeFactory.js">
        <metrics statements="57" coveredstatements="35" conditionals="13" coveredconditionals="6" methods="15" coveredmethods="6"/>
        <line num="1" count="21" type="stmt"/>
        <line num="2" count="21" type="stmt"/>
        <line num="4" count="180" type="stmt"/>
        <line num="6" count="21" type="cond" truecount="2" falsecount="1"/>
        <line num="7" count="30" type="stmt"/>
        <line num="8" count="45" type="stmt"/>
        <line num="9" count="45" type="cond" truecount="1" falsecount="1"/>
        <line num="10" count="45" type="stmt"/>
        <line num="12" count="45" type="stmt"/>
        <line num="13" count="45" type="stmt"/>
        <line num="15" count="45" type="cond" truecount="1" falsecount="1"/>
        <line num="16" count="0" type="stmt"/>
        <line num="18" count="45" type="stmt"/>
        <line num="20" count="45" type="stmt"/>
        <line num="23" count="30" type="stmt"/>
        <line num="24" count="0" type="stmt"/>
        <line num="25" count="0" type="stmt"/>
        <line num="26" count="0" type="stmt"/>
        <line num="29" count="30" type="stmt"/>
        <line num="30" count="133" type="stmt"/>
        <line num="31" count="133" type="stmt"/>
        <line num="33" count="133" type="cond" truecount="2" falsecount="0"/>
        <line num="34" count="4" type="stmt"/>
        <line num="37" count="129" type="stmt"/>
        <line num="38" count="129" type="stmt"/>
        <line num="41" count="30" type="stmt"/>
        <line num="42" count="0" type="stmt"/>
        <line num="43" count="0" type="stmt"/>
        <line num="44" count="0" type="stmt"/>
        <line num="47" count="30" type="stmt"/>
        <line num="48" count="0" type="stmt"/>
        <line num="50" count="0" type="cond" truecount="0" falsecount="2"/>
        <line num="51" count="0" type="stmt"/>
        <line num="52" count="0" type="stmt"/>
        <line num="54" count="0" type="stmt"/>
        <line num="55" count="0" type="stmt"/>
        <line num="56" count="0" type="cond" truecount="0" falsecount="2"/>
        <line num="58" count="0" type="stmt"/>
        <line num="59" count="0" type="stmt"/>
        <line num="63" count="0" type="stmt"/>
        <line num="64" count="0" type="stmt"/>
        <line num="67" count="0" type="stmt"/>
        <line num="70" count="30" type="stmt"/>
        <line num="71" count="51" type="stmt"/>
        <line num="73" count="51" type="stmt"/>
        <line num="74" count="51" type="stmt"/>
        <line num="75" count="51" type="stmt"/>
        <line num="76" count="51" type="stmt"/>
        <line num="79" count="30" type="stmt"/>
        <line num="80" count="0" type="stmt"/>
        <line num="81" count="0" type="stmt"/>
        <line num="82" count="0" type="stmt"/>
        <line num="85" count="30" type="stmt"/>
        <line num="86" count="10" type="stmt"/>
        <line num="87" count="10" type="stmt"/>
        <line num="90" count="30" type="stmt"/>
        <line num="104" count="21" type="stmt"/>
      </file>
    </package>
    <package name="server.util">
      <metrics statements="113" coveredstatements="87" conditionals="38" coveredconditionals="23" methods="37" coveredmethods="29"/>
      <file name="balanceTeams.js" path="/Users/cha/repos/discord-league-bot/server/util/balanceTeams.js">
        <metrics statements="16" coveredstatements="16" conditionals="10" coveredconditionals="9" methods="6" coveredmethods="6"/>
        <line num="1" count="10" type="stmt"/>
        <line num="3" count="10" type="stmt"/>
        <line num="4" count="176" type="cond" truecount="1" falsecount="1"/>
        <line num="5" count="176" type="cond" truecount="2" falsecount="0"/>
        <line num="6" count="176" type="stmt"/>
        <line num="9" count="76" type="stmt"/>
        <line num="11" count="10" type="stmt"/>
        <line num="13" count="59" type="stmt"/>
        <line num="14" count="10" type="stmt"/>
        <line num="16" count="10" type="stmt"/>
        <line num="20" count="48" type="cond" truecount="2" falsecount="0"/>
        <line num="21" count="43" type="cond" truecount="2" falsecount="0"/>
        <line num="22" count="38" type="cond" truecount="2" falsecount="0"/>
        <line num="24" count="48" type="stmt"/>
        <line num="27" count="10" type="stmt"/>
        <line num="30" count="10" type="stmt"/>
      </file>
      <file name="getCommentary.js" path="/Users/cha/repos/discord-league-bot/server/util/getCommentary.js">
        <metrics statements="12" coveredstatements="8" conditionals="2" coveredconditionals="0" methods="3" coveredmethods="2"/>
        <line num="1" count="9" type="stmt"/>
        <line num="2" count="2" type="stmt"/>
        <line num="3" count="2" type="stmt"/>
        <line num="6" count="9" type="stmt"/>
        <line num="7" count="0" type="stmt"/>
        <line num="22" count="0" type="cond" truecount="0" falsecount="2"/>
        <line num="23" count="0" type="stmt"/>
        <line num="31" count="0" type="stmt"/>
        <line num="34" count="9" type="stmt"/>
        <line num="35" count="2" type="stmt"/>
        <line num="46" count="2" type="stmt"/>
        <line num="49" count="9" type="stmt"/>
      </file>
      <file name="getGuildUser.js" path="/Users/cha/repos/discord-league-bot/server/util/getGuildUser.js">
        <metrics statements="14" coveredstatements="13" conditionals="4" coveredconditionals="4" methods="2" coveredmethods="2"/>
        <line num="1" count="9" type="stmt"/>
        <line num="2" count="9" type="stmt"/>
        <line num="4" count="9" type="stmt"/>
        <line num="5" count="28" type="stmt"/>
        <line num="10" count="28" type="stmt"/>
        <line num="11" count="28" type="stmt"/>
        <line num="12" count="28" type="stmt"/>
        <line num="14" count="28" type="stmt"/>
        <line num="20" count="0" type="stmt"/>
        <line num="23" count="28" type="cond" truecount="2" falsecount="0"/>
        <line num="24" count="28" type="stmt"/>
        <line num="25" count="28" type="cond" truecount="2" falsecount="0"/>
        <line num="27" count="28" type="stmt"/>
        <line num="35" count="9" type="stmt"/>
      </file>
      <file name="getLeagueStats.js" path="/Users/cha/repos/discord-league-bot/server/util/getLeagueStats.js">
        <metrics statements="25" coveredstatements="4" conditionals="12" coveredconditionals="0" methods="7" coveredmethods="0"/>
        <line num="1" count="12" type="stmt"/>
        <line num="3" count="12" type="stmt"/>
        <line num="4" count="0" type="stmt"/>
        <line num="8" count="0" type="stmt"/>
        <line num="10" count="0" type="stmt"/>
        <line num="11" count="0" type="stmt"/>
        <line num="12" count="0" type="cond" truecount="0" falsecount="2"/>
        <line num="14" count="0" type="cond" truecount="0" falsecount="2"/>
        <line num="16" count="0" type="stmt"/>
        <line num="17" count="0" type="cond" truecount="0" falsecount="2"/>
        <line num="21" count="0" type="stmt"/>
        <line num="22" count="0" type="stmt"/>
        <line num="23" count="0" type="stmt"/>
        <line num="32" count="0" type="stmt"/>
        <line num="35" count="12" type="stmt"/>
        <line num="36" count="0" type="stmt"/>
        <line num="38" count="0" type="stmt"/>
        <line num="39" count="0" type="stmt"/>
        <line num="40" count="0" type="cond" truecount="0" falsecount="2"/>
        <line num="43" count="0" type="stmt"/>
        <line num="44" count="0" type="stmt"/>
        <line num="45" count="0" type="cond" truecount="0" falsecount="4"/>
        <line num="46" count="0" type="stmt"/>
        <line num="49" count="0" type="stmt"/>
        <line num="52" count="12" type="stmt"/>
      </file>
      <file name="getTeamCombos.js" path="/Users/cha/repos/discord-league-bot/server/util/getTeamCombos.js">
        <metrics statements="25" coveredstatements="25" conditionals="8" coveredconditionals="8" methods="9" coveredmethods="9"/>
        <line num="1" count="10" type="stmt"/>
        <line num="2" count="24" type="stmt"/>
        <line num="4" count="6" type="stmt"/>
        <line num="5" count="123" type="stmt"/>
        <line num="7" count="123" type="cond" truecount="2" falsecount="0"/>
        <line num="8" count="102" type="stmt"/>
        <line num="11" count="45" type="stmt"/>
        <line num="12" count="117" type="stmt"/>
        <line num="14" count="117" type="stmt"/>
        <line num="15" count="256" type="stmt"/>
        <line num="20" count="256" type="stmt"/>
        <line num="24" count="45" type="stmt"/>
        <line num="27" count="6" type="stmt"/>
        <line num="28" count="6" type="stmt"/>
        <line num="29" count="6" type="stmt"/>
        <line num="31" count="255" type="stmt"/>
        <line num="33" count="6" type="stmt"/>
        <line num="34" count="102" type="stmt"/>
        <line num="35" count="716" type="stmt"/>
        <line num="37" count="102" type="cond" truecount="4" falsecount="0"/>
        <line num="39" count="358" type="cond" truecount="2" falsecount="0"/>
        <line num="40" count="51" type="stmt"/>
        <line num="41" count="51" type="stmt"/>
        <line num="44" count="6" type="stmt"/>
        <line num="47" count="10" type="stmt"/>
      </file>
      <file name="index.js" path="/Users/cha/repos/discord-league-bot/server/util/index.js">
        <metrics statements="21" coveredstatements="21" conditionals="2" coveredconditionals="2" methods="10" coveredmethods="10"/>
        <line num="1" count="10" type="stmt"/>
        <line num="3" count="10" type="stmt"/>
        <line num="4" count="80" type="stmt"/>
        <line num="5" count="80" type="cond" truecount="2" falsecount="0"/>
        <line num="6" count="74" type="stmt"/>
        <line num="9" count="10" type="stmt"/>
        <line num="10" count="15" type="stmt"/>
        <line num="11" count="14" type="stmt"/>
        <line num="14" count="10" type="stmt"/>
        <line num="15" count="38" type="stmt"/>
        <line num="17" count="100" type="stmt"/>
        <line num="20" count="10" type="stmt"/>
        <line num="21" count="36" type="stmt"/>
        <line num="22" count="63" type="stmt"/>
        <line num="23" count="78" type="stmt"/>
        <line num="26" count="10" type="stmt"/>
        <line num="27" count="18" type="stmt"/>
        <line num="28" count="70" type="stmt"/>
        <line num="29" count="70" type="stmt"/>
        <line num="31" count="18" type="stmt"/>
        <line num="34" count="10" type="stmt"/>
      </file>
    </package>
    <package name="shared">
      <metrics statements="25" coveredstatements="25" conditionals="10" coveredconditionals="9" methods="10" coveredmethods="10"/>
      <file name="commands.js" path="/Users/cha/repos/discord-league-bot/shared/commands.js">
        <metrics statements="6" coveredstatements="6" conditionals="0" coveredconditionals="0" methods="1" coveredmethods="1"/>
        <line num="1" count="9" type="stmt"/>
        <line num="16" count="9" type="stmt"/>
        <line num="22" count="9" type="stmt"/>
        <line num="38" count="27" type="stmt"/>
        <line num="40" count="9" type="stmt"/>
        <line num="110" count="9" type="stmt"/>
      </file>
      <file name="getAdvancedMarkdown.js" path="/Users/cha/repos/discord-league-bot/shared/getAdvancedMarkdown.js">
        <metrics statements="3" coveredstatements="3" conditionals="0" coveredconditionals="0" methods="1" coveredmethods="1"/>
        <line num="1" count="9" type="stmt"/>
        <line num="2" count="1" type="stmt"/>
        <line num="4" count="9" type="stmt"/>
      </file>
      <file name="getCommandsMarkdown.js" path="/Users/cha/repos/discord-league-bot/shared/getCommandsMarkdown.js">
        <metrics statements="9" coveredstatements="9" conditionals="8" coveredconditionals="8" methods="4" coveredmethods="4"/>
        <line num="1" count="9" type="stmt"/>
        <line num="3" count="9" type="stmt"/>
        <line num="4" count="2" type="stmt"/>
        <line num="5" count="24" type="stmt"/>
        <line num="6" count="50" type="cond" truecount="2" falsecount="0"/>
        <line num="9" count="20" type="cond" truecount="4" falsecount="0"/>
        <line num="11" count="20" type="cond" truecount="2" falsecount="0"/>
        <line num="12" count="20" type="stmt"/>
        <line num="16" count="9" type="stmt"/>
      </file>
      <file name="getVariablesMarkdown.js" path="/Users/cha/repos/discord-league-bot/shared/getVariablesMarkdown.js">
        <metrics statements="7" coveredstatements="7" conditionals="2" coveredconditionals="1" methods="4" coveredmethods="4"/>
        <line num="1" count="9" type="stmt"/>
        <line num="3" count="9" type="stmt"/>
        <line num="4" count="1" type="stmt"/>
        <line num="5" count="3" type="stmt"/>
        <line num="6" count="1" type="cond" truecount="1" falsecount="1"/>
        <line num="8" count="2" type="stmt"/>
        <line num="12" count="9" type="stmt"/>
      </file>
    </package>
    <package name="test">
      <metrics statements="8" coveredstatements="8" conditionals="0" coveredconditionals="0" methods="0" coveredmethods="0"/>
      <file name="league.js" path="/Users/cha/repos/discord-league-bot/test/league.js">
        <metrics statements="4" coveredstatements="4" conditionals="0" coveredconditionals="0" methods="0" coveredmethods="0"/>
        <line num="1" count="4" type="stmt"/>
        <line num="7" count="4" type="stmt"/>
        <line num="13" count="4" type="stmt"/>
        <line num="19" count="4" type="stmt"/>
      </file>
      <file name="match.js" path="/Users/cha/repos/discord-league-bot/test/match.js">
        <metrics statements="4" coveredstatements="4" conditionals="0" coveredconditionals="0" methods="0" coveredmethods="0"/>
        <line num="1" count="2" type="stmt"/>
        <line num="10" count="2" type="stmt"/>
        <line num="21" count="2" type="stmt"/>
        <line num="34" count="2" type="stmt"/>
      </file>
    </package>
  </project>
</coverage>
