{"/Users/cha/repos/discord-league-bot/server/bot/bubbles.js": {"path":"/Users/cha/repos/discord-league-bot/server/bot/bubbles.js","statementMap":{"0":{"start":{"line":1,"column":20},"end":{"line":1,"column":38}},"1":{"start":{"line":2,"column":16},"end":{"line":2,"column":42}},"2":{"start":{"line":4,"column":19},"end":{"line":4,"column":39}},"3":{"start":{"line":6,"column":18},"end":{"line":31,"column":1}},"4":{"start":{"line":7,"column":18},"end":{"line":7,"column":34}},"5":{"start":{"line":8,"column":17},"end":{"line":8,"column":34}},"6":{"start":{"line":10,"column":2},"end":{"line":13,"column":3}},"7":{"start":{"line":11,"column":4},"end":{"line":11,"column":57}},"8":{"start":{"line":12,"column":4},"end":{"line":12,"column":10}},"9":{"start":{"line":15,"column":2},"end":{"line":15,"column":43}},"10":{"start":{"line":18,"column":2},"end":{"line":18,"column":29}},"11":{"start":{"line":19,"column":2},"end":{"line":19,"column":29}},"12":{"start":{"line":20,"column":2},"end":{"line":20,"column":29}},"13":{"start":{"line":22,"column":2},"end":{"line":30,"column":3}},"14":{"start":{"line":22,"column":15},"end":{"line":22,"column":16}},"15":{"start":{"line":23,"column":21},"end":{"line":23,"column":38}},"16":{"start":{"line":26,"column":4},"end":{"line":29,"column":6}},"17":{"start":{"line":33,"column":0},"end":{"line":35,"column":1}}},"fnMap":{"0":{"name":"(anonymous_0)","decl":{"start":{"line":6,"column":18},"end":{"line":6,"column":19}},"loc":{"start":{"line":6,"column":40},"end":{"line":31,"column":1}},"line":6}},"branchMap":{"0":{"loc":{"start":{"line":10,"column":2},"end":{"line":13,"column":3}},"type":"if","locations":[{"start":{"line":10,"column":2},"end":{"line":13,"column":3}},{"start":{"line":10,"column":2},"end":{"line":13,"column":3}}],"line":10}},"s":{"0":9,"1":9,"2":9,"3":9,"4":0,"5":0,"6":0,"7":0,"8":0,"9":0,"10":0,"11":0,"12":0,"13":0,"14":0,"15":0,"16":0,"17":9},"f":{"0":0},"b":{"0":[0,0]},"_coverageSchema":"1a1c01bbd47fc00a2c39e90264f33305004495a9","hash":"15491819d8ea943dc428367710c3e8ac361f3932"}
,"/Users/cha/repos/discord-league-bot/server/bot/callbacks.js": {"path":"/Users/cha/repos/discord-league-bot/server/bot/callbacks.js","statementMap":{"0":{"start":{"line":1,"column":25},"end":{"line":1,"column":57}},"1":{"start":{"line":2,"column":40},"end":{"line":2,"column":58}},"2":{"start":{"line":3,"column":38},"end":{"line":3,"column":57}},"3":{"start":{"line":4,"column":17},"end":{"line":4,"column":38}},"4":{"start":{"line":5,"column":22},"end":{"line":5,"column":42}},"5":{"start":{"line":6,"column":20},"end":{"line":6,"column":38}},"6":{"start":{"line":7,"column":21},"end":{"line":7,"column":40}},"7":{"start":{"line":8,"column":21},"end":{"line":8,"column":40}},"8":{"start":{"line":9,"column":18},"end":{"line":9,"column":34}},"9":{"start":{"line":12,"column":2},"end":{"line":14,"column":29}},"10":{"start":{"line":16,"column":18},"end":{"line":37,"column":1}},"11":{"start":{"line":21,"column":4},"end":{"line":21,"column":41}},"12":{"start":{"line":24,"column":4},"end":{"line":28,"column":5}},"13":{"start":{"line":39,"column":0},"end":{"line":41,"column":1}}},"fnMap":{"0":{"name":"(anonymous_0)","decl":{"start":{"line":20,"column":23},"end":{"line":20,"column":24}},"loc":{"start":{"line":20,"column":39},"end":{"line":22,"column":3}},"line":20},"1":{"name":"(anonymous_1)","decl":{"start":{"line":23,"column":30},"end":{"line":23,"column":31}},"loc":{"start":{"line":23,"column":53},"end":{"line":29,"column":3}},"line":23}},"branchMap":{"0":{"loc":{"start":{"line":12,"column":2},"end":{"line":14,"column":29}},"type":"cond-expr","locations":[{"start":{"line":13,"column":6},"end":{"line":13,"column":35}},{"start":{"line":14,"column":6},"end":{"line":14,"column":29}}],"line":12},"1":{"loc":{"start":{"line":26,"column":8},"end":{"line":26,"column":47}},"type":"cond-expr","locations":[{"start":{"line":26,"column":19},"end":{"line":26,"column":42}},{"start":{"line":26,"column":45},"end":{"line":26,"column":47}}],"line":26}},"s":{"0":9,"1":9,"2":9,"3":9,"4":9,"5":9,"6":9,"7":9,"8":9,"9":9,"10":9,"11":1,"12":0,"13":9},"f":{"0":1,"1":0},"b":{"0":[0,9],"1":[0,0]},"_coverageSchema":"1a1c01bbd47fc00a2c39e90264f33305004495a9","hash":"5aa29fc6e9fa42ee701a97eea93333bb3d554132"}
,"/Users/cha/repos/discord-league-bot/server/bot/cancel.js": {"path":"/Users/cha/repos/discord-league-bot/server/bot/cancel.js","statementMap":{"0":{"start":{"line":1,"column":16},"end":{"line":1,"column":42}},"1":{"start":{"line":2,"column":24},"end":{"line":2,"column":50}},"2":{"start":{"line":3,"column":15},"end":{"line":3,"column":45}},"3":{"start":{"line":5,"column":17},"end":{"line":30,"column":1}},"4":{"start":{"line":6,"column":2},"end":{"line":9,"column":3}},"5":{"start":{"line":7,"column":4},"end":{"line":7,"column":52}},"6":{"start":{"line":8,"column":4},"end":{"line":8,"column":10}},"7":{"start":{"line":11,"column":18},"end":{"line":11,"column":70}},"8":{"start":{"line":12,"column":16},"end":{"line":12,"column":42}},"9":{"start":{"line":14,"column":2},"end":{"line":17,"column":3}},"10":{"start":{"line":15,"column":4},"end":{"line":15,"column":52}},"11":{"start":{"line":16,"column":4},"end":{"line":16,"column":10}},"12":{"start":{"line":19,"column":2},"end":{"line":22,"column":3}},"13":{"start":{"line":20,"column":4},"end":{"line":20,"column":57}},"14":{"start":{"line":21,"column":4},"end":{"line":21,"column":10}},"15":{"start":{"line":24,"column":2},"end":{"line":29,"column":3}},"16":{"start":{"line":25,"column":4},"end":{"line":25,"column":33}},"17":{"start":{"line":26,"column":4},"end":{"line":26,"column":66}},"18":{"start":{"line":28,"column":4},"end":{"line":28,"column":35}},"19":{"start":{"line":32,"column":0},"end":{"line":32,"column":29}}},"fnMap":{"0":{"name":"(anonymous_0)","decl":{"start":{"line":5,"column":17},"end":{"line":5,"column":18}},"loc":{"start":{"line":5,"column":46},"end":{"line":30,"column":1}},"line":5}},"branchMap":{"0":{"loc":{"start":{"line":6,"column":2},"end":{"line":9,"column":3}},"type":"if","locations":[{"start":{"line":6,"column":2},"end":{"line":9,"column":3}},{"start":{"line":6,"column":2},"end":{"line":9,"column":3}}],"line":6},"1":{"loc":{"start":{"line":14,"column":2},"end":{"line":17,"column":3}},"type":"if","locations":[{"start":{"line":14,"column":2},"end":{"line":17,"column":3}},{"start":{"line":14,"column":2},"end":{"line":17,"column":3}}],"line":14},"2":{"loc":{"start":{"line":19,"column":2},"end":{"line":22,"column":3}},"type":"if","locations":[{"start":{"line":19,"column":2},"end":{"line":22,"column":3}},{"start":{"line":19,"column":2},"end":{"line":22,"column":3}}],"line":19}},"s":{"0":9,"1":9,"2":9,"3":9,"4":2,"5":0,"6":0,"7":2,"8":2,"9":2,"10":0,"11":0,"12":2,"13":1,"14":1,"15":1,"16":1,"17":1,"18":0,"19":9},"f":{"0":2},"b":{"0":[0,2],"1":[0,2],"2":[1,1]},"_coverageSchema":"1a1c01bbd47fc00a2c39e90264f33305004495a9","hash":"905709b4de2f1f2343b96c1133d81f2cfcc1d216"}
,"/Users/cha/repos/discord-league-bot/server/bot/createMatch.js": {"path":"/Users/cha/repos/discord-league-bot/server/bot/createMatch.js","statementMap":{"0":{"start":{"line":1,"column":16},"end":{"line":1,"column":42}},"1":{"start":{"line":2,"column":16},"end":{"line":2,"column":42}},"2":{"start":{"line":3,"column":15},"end":{"line":3,"column":45}},"3":{"start":{"line":4,"column":28},"end":{"line":4,"column":54}},"4":{"start":{"line":5,"column":27},"end":{"line":5,"column":60}},"5":{"start":{"line":6,"column":25},"end":{"line":6,"column":56}},"6":{"start":{"line":7,"column":26},"end":{"line":7,"column":58}},"7":{"start":{"line":8,"column":25},"end":{"line":8,"column":56}},"8":{"start":{"line":10,"column":19},"end":{"line":13,"column":1}},"9":{"start":{"line":15,"column":20},"end":{"line":75,"column":1}},"10":{"start":{"line":21,"column":16},"end":{"line":21,"column":33}},"11":{"start":{"line":22,"column":18},"end":{"line":22,"column":20}},"12":{"start":{"line":23,"column":18},"end":{"line":23,"column":40}},"13":{"start":{"line":25,"column":2},"end":{"line":74,"column":3}},"14":{"start":{"line":26,"column":4},"end":{"line":42,"column":5}},"15":{"start":{"line":27,"column":25},"end":{"line":27,"column":48}},"16":{"start":{"line":28,"column":17},"end":{"line":28,"column":18}},"17":{"start":{"line":30,"column":6},"end":{"line":35,"column":7}},"18":{"start":{"line":31,"column":30},"end":{"line":31,"column":57}},"19":{"start":{"line":32,"column":8},"end":{"line":32,"column":68}},"20":{"start":{"line":32,"column":37},"end":{"line":32,"column":68}},"21":{"start":{"line":33,"column":8},"end":{"line":33,"column":60}},"22":{"start":{"line":34,"column":8},"end":{"line":34,"column":63}},"23":{"start":{"line":37,"column":20},"end":{"line":37,"column":36}},"24":{"start":{"line":39,"column":6},"end":{"line":41,"column":8}},"25":{"start":{"line":40,"column":8},"end":{"line":40,"column":40}},"26":{"start":{"line":44,"column":4},"end":{"line":60,"column":5}},"27":{"start":{"line":45,"column":20},"end":{"line":45,"column":50}},"28":{"start":{"line":46,"column":20},"end":{"line":48,"column":7}},"29":{"start":{"line":47,"column":24},"end":{"line":47,"column":61}},"30":{"start":{"line":50,"column":20},"end":{"line":56,"column":7}},"31":{"start":{"line":51,"column":24},"end":{"line":55,"column":9}},"32":{"start":{"line":58,"column":6},"end":{"line":58,"column":58}},"33":{"start":{"line":58,"column":29},"end":{"line":58,"column":56}},"34":{"start":{"line":59,"column":6},"end":{"line":59,"column":58}},"35":{"start":{"line":59,"column":29},"end":{"line":59,"column":56}},"36":{"start":{"line":62,"column":20},"end":{"line":62,"column":55}},"37":{"start":{"line":64,"column":4},"end":{"line":70,"column":6}},"38":{"start":{"line":72,"column":4},"end":{"line":72,"column":31}},"39":{"start":{"line":73,"column":4},"end":{"line":73,"column":37}},"40":{"start":{"line":77,"column":0},"end":{"line":77,"column":28}}},"fnMap":{"0":{"name":"(anonymous_0)","decl":{"start":{"line":15,"column":20},"end":{"line":15,"column":21}},"loc":{"start":{"line":20,"column":6},"end":{"line":75,"column":1}},"line":20},"1":{"name":"(anonymous_1)","decl":{"start":{"line":39,"column":20},"end":{"line":39,"column":21}},"loc":{"start":{"line":39,"column":33},"end":{"line":41,"column":7}},"line":39},"2":{"name":"(anonymous_2)","decl":{"start":{"line":47,"column":18},"end":{"line":47,"column":19}},"loc":{"start":{"line":47,"column":24},"end":{"line":47,"column":61}},"line":47},"3":{"name":"(anonymous_3)","decl":{"start":{"line":51,"column":18},"end":{"line":51,"column":19}},"loc":{"start":{"line":51,"column":24},"end":{"line":55,"column":9}},"line":51},"4":{"name":"(anonymous_4)","decl":{"start":{"line":58,"column":23},"end":{"line":58,"column":24}},"loc":{"start":{"line":58,"column":29},"end":{"line":58,"column":56}},"line":58},"5":{"name":"(anonymous_5)","decl":{"start":{"line":59,"column":23},"end":{"line":59,"column":24}},"loc":{"start":{"line":59,"column":29},"end":{"line":59,"column":56}},"line":59}},"branchMap":{"0":{"loc":{"start":{"line":18,"column":2},"end":{"line":18,"column":24}},"type":"default-arg","locations":[{"start":{"line":18,"column":9},"end":{"line":18,"column":24}}],"line":18},"1":{"loc":{"start":{"line":26,"column":4},"end":{"line":42,"column":5}},"type":"if","locations":[{"start":{"line":26,"column":4},"end":{"line":42,"column":5}},{"start":{"line":26,"column":4},"end":{"line":42,"column":5}}],"line":26},"2":{"loc":{"start":{"line":30,"column":6},"end":{"line":35,"column":7}},"type":"if","locations":[{"start":{"line":30,"column":6},"end":{"line":35,"column":7}},{"start":{"line":30,"column":6},"end":{"line":35,"column":7}}],"line":30},"3":{"loc":{"start":{"line":32,"column":8},"end":{"line":32,"column":68}},"type":"if","locations":[{"start":{"line":32,"column":8},"end":{"line":32,"column":68}},{"start":{"line":32,"column":8},"end":{"line":32,"column":68}}],"line":32},"4":{"loc":{"start":{"line":44,"column":4},"end":{"line":60,"column":5}},"type":"if","locations":[{"start":{"line":44,"column":4},"end":{"line":60,"column":5}},{"start":{"line":44,"column":4},"end":{"line":60,"column":5}}],"line":44},"5":{"loc":{"start":{"line":53,"column":17},"end":{"line":53,"column":54}},"type":"cond-expr","locations":[{"start":{"line":53,"column":31},"end":{"line":53,"column":48}},{"start":{"line":53,"column":51},"end":{"line":53,"column":54}}],"line":53}},"s":{"0":9,"1":9,"2":9,"3":9,"4":9,"5":9,"6":9,"7":9,"8":9,"9":9,"10":8,"11":8,"12":8,"13":8,"14":8,"15":2,"16":2,"17":2,"18":0,"19":0,"20":0,"21":0,"22":0,"23":2,"24":2,"25":4,"26":8,"27":6,"28":6,"29":28,"30":6,"31":28,"32":6,"33":14,"34":6,"35":14,"36":8,"37":8,"38":0,"39":0,"40":9},"f":{"0":8,"1":4,"2":28,"3":28,"4":14,"5":14},"b":{"0":[0],"1":[2,6],"2":[0,2],"3":[0,0],"4":[6,2],"5":[4,24]},"_coverageSchema":"1a1c01bbd47fc00a2c39e90264f33305004495a9","hash":"def9552f085bf29ab12205e448872790b9ccad66"}
,"/Users/cha/repos/discord-league-bot/server/bot/index.js": {"path":"/Users/cha/repos/discord-league-bot/server/bot/index.js","statementMap":{"0":{"start":{"line":1,"column":20},"end":{"line":1,"column":51}},"1":{"start":{"line":2,"column":16},"end":{"line":2,"column":42}},"2":{"start":{"line":3,"column":35},"end":{"line":3,"column":67}},"3":{"start":{"line":4,"column":22},"end":{"line":4,"column":44}},"4":{"start":{"line":6,"column":15},"end":{"line":6,"column":33}},"5":{"start":{"line":8,"column":0},"end":{"line":10,"column":2}},"6":{"start":{"line":9,"column":2},"end":{"line":9,"column":32}},"7":{"start":{"line":12,"column":0},"end":{"line":56,"column":2}},"8":{"start":{"line":13,"column":17},"end":{"line":13,"column":22}},"9":{"start":{"line":14,"column":16},"end":{"line":14,"column":44}},"10":{"start":{"line":15,"column":2},"end":{"line":15,"column":76}},"11":{"start":{"line":17,"column":2},"end":{"line":21,"column":3}},"12":{"start":{"line":18,"column":4},"end":{"line":18,"column":25}},"13":{"start":{"line":19,"column":4},"end":{"line":19,"column":37}},"14":{"start":{"line":20,"column":4},"end":{"line":20,"column":19}},"15":{"start":{"line":23,"column":29},"end":{"line":23,"column":34}},"16":{"start":{"line":24,"column":18},"end":{"line":24,"column":25}},"17":{"start":{"line":25,"column":18},"end":{"line":32,"column":4}},"18":{"start":{"line":26,"column":19},"end":{"line":26,"column":33}},"19":{"start":{"line":27,"column":18},"end":{"line":27,"column":48}},"20":{"start":{"line":28,"column":4},"end":{"line":31,"column":5}},"21":{"start":{"line":34,"column":2},"end":{"line":41,"column":3}},"22":{"start":{"line":35,"column":4},"end":{"line":39,"column":5}},"23":{"start":{"line":36,"column":6},"end":{"line":38,"column":7}},"24":{"start":{"line":40,"column":4},"end":{"line":40,"column":10}},"25":{"start":{"line":43,"column":2},"end":{"line":49,"column":3}},"26":{"start":{"line":44,"column":22},"end":{"line":44,"column":45}},"27":{"start":{"line":45,"column":18},"end":{"line":47,"column":6}},"28":{"start":{"line":48,"column":4},"end":{"line":48,"column":29}},"29":{"start":{"line":48,"column":23},"end":{"line":48,"column":29}},"30":{"start":{"line":51,"column":2},"end":{"line":55,"column":3}},"31":{"start":{"line":52,"column":4},"end":{"line":52,"column":42}},"32":{"start":{"line":54,"column":4},"end":{"line":54,"column":20}}},"fnMap":{"0":{"name":"(anonymous_0)","decl":{"start":{"line":8,"column":22},"end":{"line":8,"column":23}},"loc":{"start":{"line":8,"column":28},"end":{"line":10,"column":1}},"line":8},"1":{"name":"(anonymous_1)","decl":{"start":{"line":12,"column":22},"end":{"line":12,"column":23}},"loc":{"start":{"line":12,"column":39},"end":{"line":56,"column":1}},"line":12},"2":{"name":"(anonymous_2)","decl":{"start":{"line":25,"column":49},"end":{"line":25,"column":50}},"loc":{"start":{"line":25,"column":57},"end":{"line":32,"column":3}},"line":25}},"branchMap":{"0":{"loc":{"start":{"line":17,"column":2},"end":{"line":21,"column":3}},"type":"if","locations":[{"start":{"line":17,"column":2},"end":{"line":21,"column":3}},{"start":{"line":17,"column":2},"end":{"line":21,"column":3}}],"line":17},"1":{"loc":{"start":{"line":27,"column":19},"end":{"line":27,"column":33}},"type":"binary-expr","locations":[{"start":{"line":27,"column":19},"end":{"line":27,"column":27}},{"start":{"line":27,"column":31},"end":{"line":27,"column":33}}],"line":27},"2":{"loc":{"start":{"line":29,"column":6},"end":{"line":30,"column":56}},"type":"binary-expr","locations":[{"start":{"line":29,"column":6},"end":{"line":29,"column":30}},{"start":{"line":30,"column":7},"end":{"line":30,"column":21}},{"start":{"line":30,"column":25},"end":{"line":30,"column":55}}],"line":29},"3":{"loc":{"start":{"line":34,"column":2},"end":{"line":41,"column":3}},"type":"if","locations":[{"start":{"line":34,"column":2},"end":{"line":41,"column":3}},{"start":{"line":34,"column":2},"end":{"line":41,"column":3}}],"line":34},"4":{"loc":{"start":{"line":35,"column":4},"end":{"line":39,"column":5}},"type":"if","locations":[{"start":{"line":35,"column":4},"end":{"line":39,"column":5}},{"start":{"line":35,"column":4},"end":{"line":39,"column":5}}],"line":35},"5":{"loc":{"start":{"line":43,"column":2},"end":{"line":49,"column":3}},"type":"if","locations":[{"start":{"line":43,"column":2},"end":{"line":49,"column":3}},{"start":{"line":43,"column":2},"end":{"line":49,"column":3}}],"line":43},"6":{"loc":{"start":{"line":48,"column":4},"end":{"line":48,"column":29}},"type":"if","locations":[{"start":{"line":48,"column":4},"end":{"line":48,"column":29}},{"start":{"line":48,"column":4},"end":{"line":48,"column":29}}],"line":48}},"s":{"0":9,"1":9,"2":9,"3":9,"4":9,"5":9,"6":0,"7":9,"8":68,"9":68,"10":68,"11":68,"12":1,"13":1,"14":1,"15":68,"16":68,"17":68,"18":205,"19":205,"20":205,"21":68,"22":2,"23":1,"24":2,"25":66,"26":0,"27":0,"28":0,"29":0,"30":66,"31":66,"32":0},"f":{"0":0,"1":68,"2":205},"b":{"0":[1,67],"1":[205,12],"2":[205,139,133],"3":[2,66],"4":[1,1],"5":[0,66],"6":[0,0]},"_coverageSchema":"1a1c01bbd47fc00a2c39e90264f33305004495a9","hash":"ac3c6dceddbe19b9c1c70b657bd1ec1b8695f41d"}
,"/Users/cha/repos/discord-league-bot/server/bot/messages.js": {"path":"/Users/cha/repos/discord-league-bot/server/bot/messages.js","statementMap":{"0":{"start":{"line":1,"column":16},"end":{"line":1,"column":37}},"1":{"start":{"line":2,"column":25},"end":{"line":2,"column":51}},"2":{"start":{"line":3,"column":32},"end":{"line":3,"column":75}},"3":{"start":{"line":4,"column":51},"end":{"line":4,"column":69}},"4":{"start":{"line":5,"column":33},"end":{"line":5,"column":77}},"5":{"start":{"line":6,"column":32},"end":{"line":6,"column":75}},"6":{"start":{"line":8,"column":22},"end":{"line":8,"column":31}},"7":{"start":{"line":10,"column":20},"end":{"line":16,"column":1}},"8":{"start":{"line":11,"column":2},"end":{"line":13,"column":3}},"9":{"start":{"line":12,"column":4},"end":{"line":12,"column":72}},"10":{"start":{"line":15,"column":2},"end":{"line":15,"column":58}},"11":{"start":{"line":18,"column":23},"end":{"line":26,"column":1}},"12":{"start":{"line":19,"column":2},"end":{"line":25,"column":4}},"13":{"start":{"line":28,"column":21},"end":{"line":45,"column":1}},"14":{"start":{"line":29,"column":38},"end":{"line":29,"column":43}},"15":{"start":{"line":30,"column":16},"end":{"line":30,"column":33}},"16":{"start":{"line":31,"column":18},"end":{"line":31,"column":40}},"17":{"start":{"line":33,"column":2},"end":{"line":44,"column":5}},"18":{"start":{"line":47,"column":14},"end":{"line":58,"column":1}},"19":{"start":{"line":48,"column":30},"end":{"line":48,"column":36}},"20":{"start":{"line":50,"column":20},"end":{"line":52,"column":28}},"21":{"start":{"line":54,"column":2},"end":{"line":57,"column":19}},"22":{"start":{"line":60,"column":13},"end":{"line":75,"column":1}},"23":{"start":{"line":61,"column":2},"end":{"line":74,"column":3}},"24":{"start":{"line":77,"column":0},"end":{"line":83,"column":1}}},"fnMap":{"0":{"name":"(anonymous_0)","decl":{"start":{"line":10,"column":20},"end":{"line":10,"column":21}},"loc":{"start":{"line":10,"column":46},"end":{"line":16,"column":1}},"line":10},"1":{"name":"(anonymous_1)","decl":{"start":{"line":18,"column":23},"end":{"line":18,"column":24}},"loc":{"start":{"line":18,"column":52},"end":{"line":26,"column":1}},"line":18},"2":{"name":"(anonymous_2)","decl":{"start":{"line":28,"column":21},"end":{"line":28,"column":22}},"loc":{"start":{"line":28,"column":32},"end":{"line":45,"column":1}},"line":28},"3":{"name":"(anonymous_3)","decl":{"start":{"line":47,"column":14},"end":{"line":47,"column":15}},"loc":{"start":{"line":47,"column":26},"end":{"line":58,"column":1}},"line":47},"4":{"name":"(anonymous_4)","decl":{"start":{"line":60,"column":13},"end":{"line":60,"column":14}},"loc":{"start":{"line":60,"column":19},"end":{"line":75,"column":1}},"line":60}},"branchMap":{"0":{"loc":{"start":{"line":11,"column":2},"end":{"line":13,"column":3}},"type":"if","locations":[{"start":{"line":11,"column":2},"end":{"line":13,"column":3}},{"start":{"line":11,"column":2},"end":{"line":13,"column":3}}],"line":11},"1":{"loc":{"start":{"line":43,"column":20},"end":{"line":43,"column":75}},"type":"cond-expr","locations":[{"start":{"line":43,"column":38},"end":{"line":43,"column":53}},{"start":{"line":43,"column":56},"end":{"line":43,"column":75}}],"line":43},"2":{"loc":{"start":{"line":50,"column":20},"end":{"line":52,"column":28}},"type":"cond-expr","locations":[{"start":{"line":51,"column":6},"end":{"line":51,"column":26}},{"start":{"line":52,"column":6},"end":{"line":52,"column":28}}],"line":50}},"s":{"0":9,"1":9,"2":9,"3":9,"4":9,"5":9,"6":9,"7":9,"8":6,"9":6,"10":0,"11":9,"12":6,"13":9,"14":8,"15":8,"16":8,"17":8,"18":9,"19":33,"20":33,"21":33,"22":9,"23":1,"24":9},"f":{"0":6,"1":6,"2":8,"3":33,"4":1},"b":{"0":[6,0],"1":[6,2],"2":[31,2]},"_coverageSchema":"1a1c01bbd47fc00a2c39e90264f33305004495a9","hash":"1cb3205d49e40095dadf10de12c58ea3ac11bcb1"}
,"/Users/cha/repos/discord-league-bot/server/bot/new.js": {"path":"/Users/cha/repos/discord-league-bot/server/bot/new.js","statementMap":{"0":{"start":{"line":1,"column":16},"end":{"line":1,"column":42}},"1":{"start":{"line":2,"column":37},"end":{"line":2,"column":55}},"2":{"start":{"line":4,"column":14},"end":{"line":26,"column":1}},"3":{"start":{"line":7,"column":2},"end":{"line":12,"column":3}},"4":{"start":{"line":8,"column":4},"end":{"line":8,"column":38}},"5":{"start":{"line":10,"column":4},"end":{"line":10,"column":29}},"6":{"start":{"line":11,"column":4},"end":{"line":11,"column":10}},"7":{"start":{"line":14,"column":13},"end":{"line":14,"column":43}},"8":{"start":{"line":15,"column":19},"end":{"line":15,"column":40}},"9":{"start":{"line":17,"column":2},"end":{"line":22,"column":3}},"10":{"start":{"line":18,"column":4},"end":{"line":20,"column":5}},"11":{"start":{"line":21,"column":4},"end":{"line":21,"column":10}},"12":{"start":{"line":24,"column":2},"end":{"line":24,"column":75}},"13":{"start":{"line":25,"column":2},"end":{"line":25,"column":62}},"14":{"start":{"line":28,"column":0},"end":{"line":30,"column":1}}},"fnMap":{"0":{"name":"(anonymous_0)","decl":{"start":{"line":4,"column":14},"end":{"line":4,"column":15}},"loc":{"start":{"line":4,"column":45},"end":{"line":26,"column":1}},"line":4}},"branchMap":{"0":{"loc":{"start":{"line":17,"column":2},"end":{"line":22,"column":3}},"type":"if","locations":[{"start":{"line":17,"column":2},"end":{"line":22,"column":3}},{"start":{"line":17,"column":2},"end":{"line":22,"column":3}}],"line":17}},"s":{"0":9,"1":9,"2":9,"3":5,"4":5,"5":1,"6":1,"7":4,"8":4,"9":4,"10":1,"11":1,"12":3,"13":3,"14":9},"f":{"0":5},"b":{"0":[1,3]},"_coverageSchema":"1a1c01bbd47fc00a2c39e90264f33305004495a9","hash":"fe9f0b8acdb2be9e6896a0cf7f0b8c075366c39e"}
,"/Users/cha/repos/discord-league-bot/server/bot/queue.js": {"path":"/Users/cha/repos/discord-league-bot/server/bot/queue.js","statementMap":{"0":{"start":{"line":1,"column":16},"end":{"line":1,"column":42}},"1":{"start":{"line":2,"column":20},"end":{"line":2,"column":44}},"2":{"start":{"line":3,"column":17},"end":{"line":3,"column":38}},"3":{"start":{"line":4,"column":15},"end":{"line":4,"column":45}},"4":{"start":{"line":5,"column":19},"end":{"line":5,"column":53}},"5":{"start":{"line":6,"column":18},"end":{"line":6,"column":50}},"6":{"start":{"line":7,"column":24},"end":{"line":7,"column":42}},"7":{"start":{"line":8,"column":19},"end":{"line":8,"column":45}},"8":{"start":{"line":10,"column":20},"end":{"line":29,"column":1}},"9":{"start":{"line":11,"column":17},"end":{"line":11,"column":34}},"10":{"start":{"line":12,"column":17},"end":{"line":12,"column":44}},"11":{"start":{"line":13,"column":2},"end":{"line":13,"column":42}},"12":{"start":{"line":13,"column":15},"end":{"line":13,"column":42}},"13":{"start":{"line":15,"column":16},"end":{"line":15,"column":34}},"14":{"start":{"line":17,"column":2},"end":{"line":17,"column":69}},"15":{"start":{"line":17,"column":36},"end":{"line":17,"column":69}},"16":{"start":{"line":18,"column":2},"end":{"line":18,"column":69}},"17":{"start":{"line":18,"column":38},"end":{"line":18,"column":69}},"18":{"start":{"line":20,"column":19},"end":{"line":20,"column":65}},"19":{"start":{"line":21,"column":22},"end":{"line":21,"column":55}},"20":{"start":{"line":22,"column":26},"end":{"line":22,"column":80}},"21":{"start":{"line":23,"column":2},"end":{"line":28,"column":4}},"22":{"start":{"line":31,"column":19},"end":{"line":34,"column":1}},"23":{"start":{"line":36,"column":19},"end":{"line":39,"column":1}},"24":{"start":{"line":41,"column":21},"end":{"line":72,"column":1}},"25":{"start":{"line":42,"column":2},"end":{"line":71,"column":4}},"26":{"start":{"line":43,"column":4},"end":{"line":43,"column":23}},"27":{"start":{"line":44,"column":4},"end":{"line":44,"column":23}},"28":{"start":{"line":46,"column":18},"end":{"line":49,"column":5}},"29":{"start":{"line":51,"column":19},"end":{"line":63,"column":5}},"30":{"start":{"line":52,"column":6},"end":{"line":52,"column":46}},"31":{"start":{"line":52,"column":40},"end":{"line":52,"column":46}},"32":{"start":{"line":54,"column":23},"end":{"line":54,"column":54}},"33":{"start":{"line":55,"column":6},"end":{"line":55,"column":40}},"34":{"start":{"line":55,"column":20},"end":{"line":55,"column":40}},"35":{"start":{"line":57,"column":23},"end":{"line":59,"column":7}},"36":{"start":{"line":58,"column":15},"end":{"line":58,"column":49}},"37":{"start":{"line":60,"column":6},"end":{"line":60,"column":27}},"38":{"start":{"line":60,"column":21},"end":{"line":60,"column":27}},"39":{"start":{"line":62,"column":6},"end":{"line":62,"column":23}},"40":{"start":{"line":65,"column":23},"end":{"line":65,"column":36}},"41":{"start":{"line":66,"column":4},"end":{"line":70,"column":6}},"42":{"start":{"line":67,"column":6},"end":{"line":68,"column":32}},"43":{"start":{"line":68,"column":8},"end":{"line":68,"column":32}},"44":{"start":{"line":69,"column":6},"end":{"line":69,"column":32}},"45":{"start":{"line":74,"column":24},"end":{"line":88,"column":1}},"46":{"start":{"line":75,"column":17},"end":{"line":75,"column":44}},"47":{"start":{"line":76,"column":30},"end":{"line":76,"column":36}},"48":{"start":{"line":78,"column":21},"end":{"line":78,"column":75}},"49":{"start":{"line":78,"column":55},"end":{"line":78,"column":74}},"50":{"start":{"line":79,"column":24},"end":{"line":79,"column":57}},"51":{"start":{"line":82,"column":23},"end":{"line":82,"column":25}},"52":{"start":{"line":83,"column":2},"end":{"line":85,"column":3}},"53":{"start":{"line":84,"column":13},"end":{"line":84,"column":62}},"54":{"start":{"line":86,"column":2},"end":{"line":86,"column":58}},"55":{"start":{"line":87,"column":2},"end":{"line":87,"column":22}},"56":{"start":{"line":90,"column":22},"end":{"line":133,"column":1}},"57":{"start":{"line":93,"column":2},"end":{"line":132,"column":3}},"58":{"start":{"line":94,"column":21},"end":{"line":94,"column":44}},"59":{"start":{"line":95,"column":4},"end":{"line":95,"column":48}},"60":{"start":{"line":96,"column":4},"end":{"line":96,"column":53}},"61":{"start":{"line":97,"column":19},"end":{"line":97,"column":46}},"62":{"start":{"line":99,"column":4},"end":{"line":107,"column":5}},"63":{"start":{"line":100,"column":6},"end":{"line":104,"column":7}},"64":{"start":{"line":101,"column":8},"end":{"line":103,"column":9}},"65":{"start":{"line":106,"column":6},"end":{"line":106,"column":12}},"66":{"start":{"line":109,"column":4},"end":{"line":113,"column":5}},"67":{"start":{"line":110,"column":6},"end":{"line":110,"column":44}},"68":{"start":{"line":111,"column":6},"end":{"line":111,"column":79}},"69":{"start":{"line":111,"column":29},"end":{"line":111,"column":79}},"70":{"start":{"line":112,"column":6},"end":{"line":112,"column":12}},"71":{"start":{"line":115,"column":22},"end":{"line":115,"column":53}},"72":{"start":{"line":117,"column":15},"end":{"line":117,"column":32}},"73":{"start":{"line":119,"column":4},"end":{"line":124,"column":5}},"74":{"start":{"line":120,"column":22},"end":{"line":122,"column":7}},"75":{"start":{"line":123,"column":6},"end":{"line":123,"column":55}},"76":{"start":{"line":126,"column":18},"end":{"line":126,"column":76}},"77":{"start":{"line":127,"column":4},"end":{"line":127,"column":60}},"78":{"start":{"line":129,"column":4},"end":{"line":129,"column":31}},"79":{"start":{"line":130,"column":4},"end":{"line":130,"column":58}},"80":{"start":{"line":130,"column":27},"end":{"line":130,"column":58}},"81":{"start":{"line":131,"column":4},"end":{"line":131,"column":10}},"82":{"start":{"line":135,"column":16},"end":{"line":137,"column":1}},"83":{"start":{"line":136,"column":2},"end":{"line":136,"column":55}},"84":{"start":{"line":139,"column":18},"end":{"line":158,"column":1}},"85":{"start":{"line":140,"column":2},"end":{"line":155,"column":3}},"86":{"start":{"line":141,"column":21},"end":{"line":148,"column":5}},"87":{"start":{"line":143,"column":8},"end":{"line":147,"column":10}},"88":{"start":{"line":144,"column":10},"end":{"line":146,"column":11}},"89":{"start":{"line":150,"column":4},"end":{"line":150,"column":31}},"90":{"start":{"line":151,"column":4},"end":{"line":153,"column":5}},"91":{"start":{"line":154,"column":4},"end":{"line":154,"column":10}},"92":{"start":{"line":157,"column":2},"end":{"line":157,"column":56}},"93":{"start":{"line":160,"column":16},"end":{"line":171,"column":1}},"94":{"start":{"line":161,"column":2},"end":{"line":170,"column":3}},"95":{"start":{"line":162,"column":21},"end":{"line":162,"column":44}},"96":{"start":{"line":163,"column":21},"end":{"line":163,"column":54}},"97":{"start":{"line":164,"column":4},"end":{"line":164,"column":53}},"98":{"start":{"line":165,"column":4},"end":{"line":165,"column":70}},"99":{"start":{"line":167,"column":4},"end":{"line":167,"column":31}},"100":{"start":{"line":168,"column":4},"end":{"line":168,"column":35}},"101":{"start":{"line":169,"column":4},"end":{"line":169,"column":10}},"102":{"start":{"line":173,"column":0},"end":{"line":179,"column":1}}},"fnMap":{"0":{"name":"(anonymous_0)","decl":{"start":{"line":10,"column":20},"end":{"line":10,"column":21}},"loc":{"start":{"line":10,"column":62},"end":{"line":29,"column":1}},"line":10},"1":{"name":"(anonymous_1)","decl":{"start":{"line":41,"column":21},"end":{"line":41,"column":22}},"loc":{"start":{"line":41,"column":55},"end":{"line":72,"column":1}},"line":41},"2":{"name":"(anonymous_2)","decl":{"start":{"line":42,"column":21},"end":{"line":42,"column":22}},"loc":{"start":{"line":42,"column":42},"end":{"line":71,"column":3}},"line":42},"3":{"name":"(anonymous_3)","decl":{"start":{"line":51,"column":19},"end":{"line":51,"column":20}},"loc":{"start":{"line":51,"column":39},"end":{"line":63,"column":5}},"line":51},"4":{"name":"(anonymous_4)","decl":{"start":{"line":58,"column":8},"end":{"line":58,"column":9}},"loc":{"start":{"line":58,"column":15},"end":{"line":58,"column":49}},"line":58},"5":{"name":"(anonymous_5)","decl":{"start":{"line":66,"column":62},"end":{"line":66,"column":63}},"loc":{"start":{"line":66,"column":68},"end":{"line":70,"column":5}},"line":66},"6":{"name":"(anonymous_6)","decl":{"start":{"line":74,"column":24},"end":{"line":74,"column":25}},"loc":{"start":{"line":74,"column":44},"end":{"line":88,"column":1}},"line":74},"7":{"name":"(anonymous_7)","decl":{"start":{"line":78,"column":45},"end":{"line":78,"column":46}},"loc":{"start":{"line":78,"column":55},"end":{"line":78,"column":74}},"line":78},"8":{"name":"(anonymous_8)","decl":{"start":{"line":84,"column":4},"end":{"line":84,"column":5}},"loc":{"start":{"line":84,"column":13},"end":{"line":84,"column":62}},"line":84},"9":{"name":"(anonymous_9)","decl":{"start":{"line":90,"column":22},"end":{"line":90,"column":23}},"loc":{"start":{"line":90,"column":77},"end":{"line":133,"column":1}},"line":90},"10":{"name":"(anonymous_10)","decl":{"start":{"line":135,"column":16},"end":{"line":135,"column":17}},"loc":{"start":{"line":135,"column":47},"end":{"line":137,"column":1}},"line":135},"11":{"name":"(anonymous_11)","decl":{"start":{"line":139,"column":18},"end":{"line":139,"column":19}},"loc":{"start":{"line":139,"column":49},"end":{"line":158,"column":1}},"line":139},"12":{"name":"(anonymous_12)","decl":{"start":{"line":142,"column":6},"end":{"line":142,"column":7}},"loc":{"start":{"line":143,"column":8},"end":{"line":147,"column":10}},"line":143},"13":{"name":"(anonymous_13)","decl":{"start":{"line":143,"column":20},"end":{"line":143,"column":21}},"loc":{"start":{"line":143,"column":33},"end":{"line":147,"column":9}},"line":143},"14":{"name":"(anonymous_14)","decl":{"start":{"line":160,"column":16},"end":{"line":160,"column":17}},"loc":{"start":{"line":160,"column":47},"end":{"line":171,"column":1}},"line":160}},"branchMap":{"0":{"loc":{"start":{"line":13,"column":2},"end":{"line":13,"column":42}},"type":"if","locations":[{"start":{"line":13,"column":2},"end":{"line":13,"column":42}},{"start":{"line":13,"column":2},"end":{"line":13,"column":42}}],"line":13},"1":{"loc":{"start":{"line":15,"column":16},"end":{"line":15,"column":34}},"type":"binary-expr","locations":[{"start":{"line":15,"column":16},"end":{"line":15,"column":28}},{"start":{"line":15,"column":32},"end":{"line":15,"column":34}}],"line":15},"2":{"loc":{"start":{"line":17,"column":2},"end":{"line":17,"column":69}},"type":"if","locations":[{"start":{"line":17,"column":2},"end":{"line":17,"column":69}},{"start":{"line":17,"column":2},"end":{"line":17,"column":69}}],"line":17},"3":{"loc":{"start":{"line":17,"column":6},"end":{"line":17,"column":34}},"type":"binary-expr","locations":[{"start":{"line":17,"column":6},"end":{"line":17,"column":17}},{"start":{"line":17,"column":21},"end":{"line":17,"column":34}}],"line":17},"4":{"loc":{"start":{"line":18,"column":2},"end":{"line":18,"column":69}},"type":"if","locations":[{"start":{"line":18,"column":2},"end":{"line":18,"column":69}},{"start":{"line":18,"column":2},"end":{"line":18,"column":69}}],"line":18},"5":{"loc":{"start":{"line":18,"column":6},"end":{"line":18,"column":36}},"type":"binary-expr","locations":[{"start":{"line":18,"column":6},"end":{"line":18,"column":18}},{"start":{"line":18,"column":22},"end":{"line":18,"column":36}}],"line":18},"6":{"loc":{"start":{"line":20,"column":19},"end":{"line":20,"column":65}},"type":"cond-expr","locations":[{"start":{"line":20,"column":33},"end":{"line":20,"column":43}},{"start":{"line":20,"column":46},"end":{"line":20,"column":65}}],"line":20},"7":{"loc":{"start":{"line":22,"column":26},"end":{"line":22,"column":80}},"type":"cond-expr","locations":[{"start":{"line":22,"column":41},"end":{"line":22,"column":75}},{"start":{"line":22,"column":78},"end":{"line":22,"column":80}}],"line":22},"8":{"loc":{"start":{"line":52,"column":6},"end":{"line":52,"column":46}},"type":"if","locations":[{"start":{"line":52,"column":6},"end":{"line":52,"column":46}},{"start":{"line":52,"column":6},"end":{"line":52,"column":46}}],"line":52},"9":{"loc":{"start":{"line":55,"column":6},"end":{"line":55,"column":40}},"type":"if","locations":[{"start":{"line":55,"column":6},"end":{"line":55,"column":40}},{"start":{"line":55,"column":6},"end":{"line":55,"column":40}}],"line":55},"10":{"loc":{"start":{"line":60,"column":6},"end":{"line":60,"column":27}},"type":"if","locations":[{"start":{"line":60,"column":6},"end":{"line":60,"column":27}},{"start":{"line":60,"column":6},"end":{"line":60,"column":27}}],"line":60},"11":{"loc":{"start":{"line":67,"column":6},"end":{"line":68,"column":32}},"type":"if","locations":[{"start":{"line":67,"column":6},"end":{"line":68,"column":32}},{"start":{"line":67,"column":6},"end":{"line":68,"column":32}}],"line":67},"12":{"loc":{"start":{"line":90,"column":63},"end":{"line":90,"column":72}},"type":"default-arg","locations":[{"start":{"line":90,"column":70},"end":{"line":90,"column":72}}],"line":90},"13":{"loc":{"start":{"line":99,"column":4},"end":{"line":107,"column":5}},"type":"if","locations":[{"start":{"line":99,"column":4},"end":{"line":107,"column":5}},{"start":{"line":99,"column":4},"end":{"line":107,"column":5}}],"line":99},"14":{"loc":{"start":{"line":100,"column":6},"end":{"line":104,"column":7}},"type":"if","locations":[{"start":{"line":100,"column":6},"end":{"line":104,"column":7}},{"start":{"line":100,"column":6},"end":{"line":104,"column":7}}],"line":100},"15":{"loc":{"start":{"line":109,"column":4},"end":{"line":113,"column":5}},"type":"if","locations":[{"start":{"line":109,"column":4},"end":{"line":113,"column":5}},{"start":{"line":109,"column":4},"end":{"line":113,"column":5}}],"line":109},"16":{"loc":{"start":{"line":111,"column":6},"end":{"line":111,"column":79}},"type":"if","locations":[{"start":{"line":111,"column":6},"end":{"line":111,"column":79}},{"start":{"line":111,"column":6},"end":{"line":111,"column":79}}],"line":111},"17":{"loc":{"start":{"line":119,"column":4},"end":{"line":124,"column":5}},"type":"if","locations":[{"start":{"line":119,"column":4},"end":{"line":124,"column":5}},{"start":{"line":119,"column":4},"end":{"line":124,"column":5}}],"line":119},"18":{"loc":{"start":{"line":130,"column":4},"end":{"line":130,"column":58}},"type":"if","locations":[{"start":{"line":130,"column":4},"end":{"line":130,"column":58}},{"start":{"line":130,"column":4},"end":{"line":130,"column":58}}],"line":130},"19":{"loc":{"start":{"line":140,"column":2},"end":{"line":155,"column":3}},"type":"if","locations":[{"start":{"line":140,"column":2},"end":{"line":155,"column":3}},{"start":{"line":140,"column":2},"end":{"line":155,"column":3}}],"line":140}},"s":{"0":9,"1":9,"2":9,"3":9,"4":9,"5":9,"6":9,"7":9,"8":9,"9":44,"10":44,"11":44,"12":0,"13":44,"14":44,"15":3,"16":41,"17":3,"18":38,"19":38,"20":38,"21":38,"22":9,"23":9,"24":9,"25":6,"26":6,"27":6,"28":6,"29":6,"30":0,"31":0,"32":0,"33":0,"34":0,"35":0,"36":0,"37":0,"38":0,"39":0,"40":6,"41":6,"42":6,"43":6,"44":6,"45":9,"46":8,"47":8,"48":8,"49":44,"50":8,"51":8,"52":8,"53":32,"54":8,"55":8,"56":9,"57":44,"58":44,"59":44,"60":44,"61":38,"62":38,"63":3,"64":3,"65":3,"66":35,"67":27,"68":27,"69":27,"70":27,"71":8,"72":8,"73":8,"74":6,"75":6,"76":8,"77":8,"78":6,"79":6,"80":6,"81":6,"82":9,"83":38,"84":9,"85":6,"86":0,"87":0,"88":0,"89":0,"90":0,"91":0,"92":6,"93":9,"94":4,"95":4,"96":3,"97":3,"98":3,"99":1,"100":1,"101":1,"102":9},"f":{"0":44,"1":6,"2":6,"3":0,"4":0,"5":6,"6":8,"7":44,"8":32,"9":44,"10":38,"11":6,"12":0,"13":0,"14":4},"b":{"0":[0,44],"1":[44,0],"2":[3,41],"3":[44,38],"4":[3,38],"5":[41,6],"6":[35,3],"7":[3,35],"8":[0,0],"9":[0,0],"10":[0,0],"11":[6,0],"12":[44],"13":[3,35],"14":[3,0],"15":[27,8],"16":[27,0],"17":[6,2],"18":[6,0],"19":[0,6]},"_coverageSchema":"1a1c01bbd47fc00a2c39e90264f33305004495a9","hash":"d0faef4f9264ac5a2ed8980c017f70e4f730700a"}
,"/Users/cha/repos/discord-league-bot/server/bot/report.js": {"path":"/Users/cha/repos/discord-league-bot/server/bot/report.js","statementMap":{"0":{"start":{"line":1,"column":16},"end":{"line":1,"column":42}},"1":{"start":{"line":2,"column":24},"end":{"line":2,"column":50}},"2":{"start":{"line":3,"column":21},"end":{"line":3,"column":39}},"3":{"start":{"line":4,"column":37},"end":{"line":4,"column":69}},"4":{"start":{"line":5,"column":15},"end":{"line":5,"column":45}},"5":{"start":{"line":7,"column":18},"end":{"line":11,"column":1}},"6":{"start":{"line":8,"column":19},"end":{"line":8,"column":40}},"7":{"start":{"line":9,"column":2},"end":{"line":9,"column":25}},"8":{"start":{"line":9,"column":14},"end":{"line":9,"column":25}},"9":{"start":{"line":10,"column":2},"end":{"line":10,"column":27}},"10":{"start":{"line":13,"column":18},"end":{"line":16,"column":1}},"11":{"start":{"line":14,"column":15},"end":{"line":14,"column":53}},"12":{"start":{"line":15,"column":2},"end":{"line":15,"column":18}},"13":{"start":{"line":18,"column":22},"end":{"line":29,"column":1}},"14":{"start":{"line":19,"column":16},"end":{"line":19,"column":39}},"15":{"start":{"line":20,"column":16},"end":{"line":20,"column":42}},"16":{"start":{"line":22,"column":2},"end":{"line":25,"column":3}},"17":{"start":{"line":23,"column":19},"end":{"line":23,"column":42}},"18":{"start":{"line":24,"column":4},"end":{"line":24,"column":66}},"19":{"start":{"line":27,"column":17},"end":{"line":27,"column":47}},"20":{"start":{"line":28,"column":2},"end":{"line":28,"column":68}},"21":{"start":{"line":31,"column":15},"end":{"line":44,"column":1}},"22":{"start":{"line":32,"column":18},"end":{"line":32,"column":52}},"23":{"start":{"line":33,"column":16},"end":{"line":33,"column":42}},"24":{"start":{"line":34,"column":2},"end":{"line":34,"column":40}},"25":{"start":{"line":34,"column":14},"end":{"line":34,"column":40}},"26":{"start":{"line":36,"column":18},"end":{"line":36,"column":37}},"27":{"start":{"line":38,"column":2},"end":{"line":38,"column":55}},"28":{"start":{"line":38,"column":24},"end":{"line":38,"column":55}},"29":{"start":{"line":39,"column":2},"end":{"line":39,"column":55}},"30":{"start":{"line":39,"column":20},"end":{"line":39,"column":55}},"31":{"start":{"line":41,"column":17},"end":{"line":41,"column":49}},"32":{"start":{"line":42,"column":2},"end":{"line":42,"column":47}},"33":{"start":{"line":43,"column":2},"end":{"line":43,"column":35}},"34":{"start":{"line":46,"column":17},"end":{"line":67,"column":1}},"35":{"start":{"line":47,"column":17},"end":{"line":47,"column":34}},"36":{"start":{"line":50,"column":2},"end":{"line":66,"column":3}},"37":{"start":{"line":51,"column":4},"end":{"line":56,"column":6}},"38":{"start":{"line":57,"column":20},"end":{"line":57,"column":40}},"39":{"start":{"line":59,"column":4},"end":{"line":61,"column":5}},"40":{"start":{"line":63,"column":4},"end":{"line":63,"column":20}},"41":{"start":{"line":64,"column":4},"end":{"line":64,"column":38}},"42":{"start":{"line":64,"column":13},"end":{"line":64,"column":38}},"43":{"start":{"line":65,"column":4},"end":{"line":65,"column":10}},"44":{"start":{"line":69,"column":20},"end":{"line":71,"column":1}},"45":{"start":{"line":70,"column":2},"end":{"line":70,"column":42}},"46":{"start":{"line":73,"column":21},"end":{"line":75,"column":1}},"47":{"start":{"line":74,"column":2},"end":{"line":74,"column":43}},"48":{"start":{"line":77,"column":0},"end":{"line":80,"column":1}}},"fnMap":{"0":{"name":"(anonymous_0)","decl":{"start":{"line":7,"column":18},"end":{"line":7,"column":19}},"loc":{"start":{"line":7,"column":45},"end":{"line":11,"column":1}},"line":7},"1":{"name":"(anonymous_1)","decl":{"start":{"line":13,"column":18},"end":{"line":13,"column":19}},"loc":{"start":{"line":13,"column":25},"end":{"line":16,"column":1}},"line":13},"2":{"name":"(anonymous_2)","decl":{"start":{"line":18,"column":22},"end":{"line":18,"column":23}},"loc":{"start":{"line":18,"column":31},"end":{"line":29,"column":1}},"line":18},"3":{"name":"(anonymous_3)","decl":{"start":{"line":31,"column":15},"end":{"line":31,"column":16}},"loc":{"start":{"line":31,"column":64},"end":{"line":44,"column":1}},"line":31},"4":{"name":"(anonymous_4)","decl":{"start":{"line":46,"column":17},"end":{"line":46,"column":18}},"loc":{"start":{"line":46,"column":54},"end":{"line":67,"column":1}},"line":46},"5":{"name":"(anonymous_5)","decl":{"start":{"line":69,"column":20},"end":{"line":69,"column":21}},"loc":{"start":{"line":69,"column":49},"end":{"line":71,"column":1}},"line":69},"6":{"name":"(anonymous_6)","decl":{"start":{"line":73,"column":21},"end":{"line":73,"column":22}},"loc":{"start":{"line":73,"column":50},"end":{"line":75,"column":1}},"line":73}},"branchMap":{"0":{"loc":{"start":{"line":9,"column":2},"end":{"line":9,"column":25}},"type":"if","locations":[{"start":{"line":9,"column":2},"end":{"line":9,"column":25}},{"start":{"line":9,"column":2},"end":{"line":9,"column":25}}],"line":9},"1":{"loc":{"start":{"line":10,"column":9},"end":{"line":10,"column":27}},"type":"cond-expr","locations":[{"start":{"line":10,"column":22},"end":{"line":10,"column":23}},{"start":{"line":10,"column":26},"end":{"line":10,"column":27}}],"line":10},"2":{"loc":{"start":{"line":20,"column":16},"end":{"line":20,"column":42}},"type":"cond-expr","locations":[{"start":{"line":20,"column":37},"end":{"line":20,"column":38}},{"start":{"line":20,"column":41},"end":{"line":20,"column":42}}],"line":20},"3":{"loc":{"start":{"line":22,"column":2},"end":{"line":25,"column":3}},"type":"if","locations":[{"start":{"line":22,"column":2},"end":{"line":25,"column":3}},{"start":{"line":22,"column":2},"end":{"line":25,"column":3}}],"line":22},"4":{"loc":{"start":{"line":34,"column":2},"end":{"line":34,"column":40}},"type":"if","locations":[{"start":{"line":34,"column":2},"end":{"line":34,"column":40}},{"start":{"line":34,"column":2},"end":{"line":34,"column":40}}],"line":34},"5":{"loc":{"start":{"line":36,"column":18},"end":{"line":36,"column":37}},"type":"binary-expr","locations":[{"start":{"line":36,"column":18},"end":{"line":36,"column":31}},{"start":{"line":36,"column":35},"end":{"line":36,"column":37}}],"line":36},"6":{"loc":{"start":{"line":38,"column":2},"end":{"line":38,"column":55}},"type":"if","locations":[{"start":{"line":38,"column":2},"end":{"line":38,"column":55}},{"start":{"line":38,"column":2},"end":{"line":38,"column":55}}],"line":38},"7":{"loc":{"start":{"line":39,"column":2},"end":{"line":39,"column":55}},"type":"if","locations":[{"start":{"line":39,"column":2},"end":{"line":39,"column":55}},{"start":{"line":39,"column":2},"end":{"line":39,"column":55}}],"line":39},"8":{"loc":{"start":{"line":64,"column":4},"end":{"line":64,"column":38}},"type":"if","locations":[{"start":{"line":64,"column":4},"end":{"line":64,"column":38}},{"start":{"line":64,"column":4},"end":{"line":64,"column":38}}],"line":64}},"s":{"0":9,"1":9,"2":9,"3":9,"4":9,"5":9,"6":2,"7":2,"8":1,"9":1,"10":9,"11":2,"12":2,"13":9,"14":2,"15":2,"16":2,"17":0,"18":0,"19":2,"20":2,"21":9,"22":6,"23":6,"24":6,"25":0,"26":6,"27":6,"28":2,"29":4,"30":2,"31":2,"32":2,"33":2,"34":9,"35":6,"36":6,"37":6,"38":2,"39":2,"40":4,"41":4,"42":4,"43":4,"44":9,"45":3,"46":9,"47":3,"48":9},"f":{"0":2,"1":2,"2":2,"3":6,"4":6,"5":3,"6":3},"b":{"0":[1,1],"1":[1,0],"2":[1,1],"3":[0,2],"4":[0,6],"5":[6,0],"6":[2,4],"7":[2,2],"8":[4,0]},"_coverageSchema":"1a1c01bbd47fc00a2c39e90264f33305004495a9","hash":"df221030620414e0de5ac183fd63e44a308ff6e4"}
,"/Users/cha/repos/discord-league-bot/server/bot/roast.js": {"path":"/Users/cha/repos/discord-league-bot/server/bot/roast.js","statementMap":{"0":{"start":{"line":1,"column":22},"end":{"line":1,"column":54}},"1":{"start":{"line":3,"column":16},"end":{"line":8,"column":1}},"2":{"start":{"line":4,"column":18},"end":{"line":4,"column":48}},"3":{"start":{"line":5,"column":17},"end":{"line":5,"column":27}},"4":{"start":{"line":7,"column":2},"end":{"line":7,"column":45}},"5":{"start":{"line":10,"column":0},"end":{"line":10,"column":28}}},"fnMap":{"0":{"name":"(anonymous_0)","decl":{"start":{"line":3,"column":16},"end":{"line":3,"column":17}},"loc":{"start":{"line":3,"column":38},"end":{"line":8,"column":1}},"line":3}},"branchMap":{},"s":{"0":9,"1":9,"2":0,"3":0,"4":0,"5":9},"f":{"0":0},"b":{},"_coverageSchema":"1a1c01bbd47fc00a2c39e90264f33305004495a9","hash":"686287accec5b5601f6af494e75c42baa58a0fce"}
,"/Users/cha/repos/discord-league-bot/server/bot/status.js": {"path":"/Users/cha/repos/discord-league-bot/server/bot/status.js","statementMap":{"0":{"start":{"line":1,"column":16},"end":{"line":1,"column":42}},"1":{"start":{"line":2,"column":19},"end":{"line":2,"column":53}},"2":{"start":{"line":3,"column":17},"end":{"line":3,"column":38}},"3":{"start":{"line":4,"column":37},"end":{"line":4,"column":55}},"4":{"start":{"line":6,"column":17},"end":{"line":29,"column":1}},"5":{"start":{"line":7,"column":2},"end":{"line":15,"column":3}},"6":{"start":{"line":8,"column":4},"end":{"line":12,"column":5}},"7":{"start":{"line":9,"column":17},"end":{"line":9,"column":43}},"8":{"start":{"line":10,"column":21},"end":{"line":10,"column":42}},"9":{"start":{"line":11,"column":6},"end":{"line":11,"column":68}},"10":{"start":{"line":11,"column":18},"end":{"line":11,"column":68}},"11":{"start":{"line":14,"column":4},"end":{"line":14,"column":10}},"12":{"start":{"line":19,"column":2},"end":{"line":24,"column":3}},"13":{"start":{"line":20,"column":4},"end":{"line":20,"column":38}},"14":{"start":{"line":22,"column":4},"end":{"line":22,"column":35}},"15":{"start":{"line":23,"column":4},"end":{"line":23,"column":10}},"16":{"start":{"line":26,"column":13},"end":{"line":26,"column":43}},"17":{"start":{"line":27,"column":17},"end":{"line":27,"column":38}},"18":{"start":{"line":28,"column":2},"end":{"line":28,"column":52}},"19":{"start":{"line":31,"column":0},"end":{"line":31,"column":29}}},"fnMap":{"0":{"name":"(anonymous_0)","decl":{"start":{"line":6,"column":17},"end":{"line":6,"column":18}},"loc":{"start":{"line":6,"column":48},"end":{"line":29,"column":1}},"line":6}},"branchMap":{"0":{"loc":{"start":{"line":7,"column":2},"end":{"line":15,"column":3}},"type":"if","locations":[{"start":{"line":7,"column":2},"end":{"line":15,"column":3}},{"start":{"line":7,"column":2},"end":{"line":15,"column":3}}],"line":7},"1":{"loc":{"start":{"line":11,"column":6},"end":{"line":11,"column":68}},"type":"if","locations":[{"start":{"line":11,"column":6},"end":{"line":11,"column":68}},{"start":{"line":11,"column":6},"end":{"line":11,"column":68}}],"line":11}},"s":{"0":9,"1":9,"2":9,"3":9,"4":9,"5":4,"6":1,"7":3,"8":3,"9":3,"10":3,"11":1,"12":3,"13":3,"14":0,"15":0,"16":3,"17":3,"18":3,"19":9},"f":{"0":4},"b":{"0":[1,3],"1":[3,0]},"_coverageSchema":"1a1c01bbd47fc00a2c39e90264f33305004495a9","hash":"f7cc06839331e8178e84dd53b34b2a5fe9725f88"}
,"/Users/cha/repos/discord-league-bot/server/constants/ERRORS.js": {"path":"/Users/cha/repos/discord-league-bot/server/constants/ERRORS.js","statementMap":{"0":{"start":{"line":1,"column":15},"end":{"line":13,"column":1}},"1":{"start":{"line":15,"column":0},"end":{"line":15,"column":23}}},"fnMap":{},"branchMap":{},"s":{"0":10,"1":10},"f":{},"b":{},"_coverageSchema":"1a1c01bbd47fc00a2c39e90264f33305004495a9","hash":"937d948544718a193df342e0f2a3a3ad9bbadd7b"}
,"/Users/cha/repos/discord-league-bot/server/constants/RL_RANKS.js": {"path":"/Users/cha/repos/discord-league-bot/server/constants/RL_RANKS.js","statementMap":{"0":{"start":{"line":1,"column":17},"end":{"line":21,"column":1}},"1":{"start":{"line":23,"column":0},"end":{"line":23,"column":25}}},"fnMap":{},"branchMap":{},"s":{"0":10,"1":10},"f":{},"b":{},"_coverageSchema":"1a1c01bbd47fc00a2c39e90264f33305004495a9","hash":"e2083b293bfc622d8c41fcc7b415b1ee3cd5b112"}
,"/Users/cha/repos/discord-league-bot/server/constants/TEAM_SIZES.js": {"path":"/Users/cha/repos/discord-league-bot/server/constants/TEAM_SIZES.js","statementMap":{"0":{"start":{"line":1,"column":19},"end":{"line":1,"column":28}},"1":{"start":{"line":3,"column":0},"end":{"line":3,"column":27}}},"fnMap":{},"branchMap":{},"s":{"0":9,"1":9},"f":{},"b":{},"_coverageSchema":"1a1c01bbd47fc00a2c39e90264f33305004495a9","hash":"797b4cbfa8d0482ce62e62a1985fad6b868ec78b"}
,"/Users/cha/repos/discord-league-bot/server/data/leagues.js": {"path":"/Users/cha/repos/discord-league-bot/server/data/leagues.js","statementMap":{"0":{"start":{"line":1,"column":20},"end":{"line":1,"column":49}},"1":{"start":{"line":3,"column":16},"end":{"line":10,"column":2}},"2":{"start":{"line":5,"column":4},"end":{"line":8,"column":5}},"3":{"start":{"line":12,"column":0},"end":{"line":12,"column":24}}},"fnMap":{"0":{"name":"(anonymous_0)","decl":{"start":{"line":4,"column":16},"end":{"line":4,"column":17}},"loc":{"start":{"line":4,"column":32},"end":{"line":9,"column":3}},"line":4}},"branchMap":{},"s":{"0":9,"1":9,"2":33,"3":9},"f":{"0":33},"b":{},"_coverageSchema":"1a1c01bbd47fc00a2c39e90264f33305004495a9","hash":"b2f099b9e120bab863f8e4ddedc396dd44a0c6c1"}
,"/Users/cha/repos/discord-league-bot/server/data/matchId.js": {"path":"/Users/cha/repos/discord-league-bot/server/data/matchId.js","statementMap":{"0":{"start":{"line":1,"column":15},"end":{"line":1,"column":41}},"1":{"start":{"line":3,"column":24},"end":{"line":15,"column":1}},"2":{"start":{"line":6,"column":2},"end":{"line":12,"column":4}},"3":{"start":{"line":7,"column":22},"end":{"line":7,"column":60}},"4":{"start":{"line":8,"column":19},"end":{"line":8,"column":41}},"5":{"start":{"line":9,"column":24},"end":{"line":9,"column":48}},"6":{"start":{"line":10,"column":4},"end":{"line":10,"column":51}},"7":{"start":{"line":11,"column":4},"end":{"line":11,"column":39}},"8":{"start":{"line":14,"column":2},"end":{"line":14,"column":36}},"9":{"start":{"line":17,"column":21},"end":{"line":25,"column":1}},"10":{"start":{"line":18,"column":16},"end":{"line":18,"column":34}},"11":{"start":{"line":19,"column":2},"end":{"line":24,"column":3}},"12":{"start":{"line":27,"column":20},"end":{"line":31,"column":1}},"13":{"start":{"line":28,"column":19},"end":{"line":28,"column":30}},"14":{"start":{"line":29,"column":19},"end":{"line":29,"column":37}},"15":{"start":{"line":30,"column":2},"end":{"line":30,"column":45}},"16":{"start":{"line":33,"column":0},"end":{"line":33,"column":63}}},"fnMap":{"0":{"name":"(anonymous_0)","decl":{"start":{"line":3,"column":24},"end":{"line":3,"column":25}},"loc":{"start":{"line":3,"column":48},"end":{"line":15,"column":1}},"line":3},"1":{"name":"(anonymous_1)","decl":{"start":{"line":6,"column":26},"end":{"line":6,"column":27}},"loc":{"start":{"line":6,"column":39},"end":{"line":12,"column":3}},"line":6},"2":{"name":"(anonymous_2)","decl":{"start":{"line":17,"column":21},"end":{"line":17,"column":22}},"loc":{"start":{"line":17,"column":34},"end":{"line":25,"column":1}},"line":17},"3":{"name":"(anonymous_3)","decl":{"start":{"line":27,"column":20},"end":{"line":27,"column":21}},"loc":{"start":{"line":27,"column":47},"end":{"line":31,"column":1}},"line":27}},"branchMap":{"0":{"loc":{"start":{"line":10,"column":17},"end":{"line":10,"column":51}},"type":"cond-expr","locations":[{"start":{"line":10,"column":32},"end":{"line":10,"column":33}},{"start":{"line":10,"column":36},"end":{"line":10,"column":51}}],"line":10}},"s":{"0":9,"1":9,"2":8,"3":8,"4":8,"5":8,"6":8,"7":8,"8":8,"9":9,"10":12,"11":12,"12":9,"13":8,"14":8,"15":8,"16":9},"f":{"0":8,"1":8,"2":12,"3":8},"b":{"0":[4,4]},"_coverageSchema":"1a1c01bbd47fc00a2c39e90264f33305004495a9","hash":"18335abac21c0a1f53a686ce1050ffe23d3a121e"}
,"/Users/cha/repos/discord-league-bot/server/data/matches.js": {"path":"/Users/cha/repos/discord-league-bot/server/data/matches.js","statementMap":{"0":{"start":{"line":1,"column":20},"end":{"line":1,"column":49}},"1":{"start":{"line":3,"column":16},"end":{"line":10,"column":2}},"2":{"start":{"line":5,"column":4},"end":{"line":8,"column":5}},"3":{"start":{"line":12,"column":0},"end":{"line":12,"column":24}}},"fnMap":{"0":{"name":"(anonymous_0)","decl":{"start":{"line":4,"column":16},"end":{"line":4,"column":17}},"loc":{"start":{"line":4,"column":32},"end":{"line":9,"column":3}},"line":4}},"branchMap":{},"s":{"0":21,"1":21,"2":12,"3":21},"f":{"0":12},"b":{},"_coverageSchema":"1a1c01bbd47fc00a2c39e90264f33305004495a9","hash":"c4309e22879e7c57ed1fa0e26e40eb0c306f89bc"}
,"/Users/cha/repos/discord-league-bot/server/data/util/discord.js": {"path":"/Users/cha/repos/discord-league-bot/server/data/util/discord.js","statementMap":{"0":{"start":{"line":1,"column":16},"end":{"line":1,"column":37}},"1":{"start":{"line":5,"column":18},"end":{"line":11,"column":1}},"2":{"start":{"line":6,"column":2},"end":{"line":9,"column":3}},"3":{"start":{"line":7,"column":4},"end":{"line":7,"column":33}},"4":{"start":{"line":8,"column":4},"end":{"line":8,"column":39}},"5":{"start":{"line":10,"column":2},"end":{"line":10,"column":15}},"6":{"start":{"line":13,"column":0},"end":{"line":13,"column":11}},"7":{"start":{"line":15,"column":0},"end":{"line":15,"column":36}}},"fnMap":{"0":{"name":"(anonymous_0)","decl":{"start":{"line":5,"column":18},"end":{"line":5,"column":19}},"loc":{"start":{"line":5,"column":24},"end":{"line":11,"column":1}},"line":5}},"branchMap":{"0":{"loc":{"start":{"line":6,"column":2},"end":{"line":9,"column":3}},"type":"if","locations":[{"start":{"line":6,"column":2},"end":{"line":9,"column":3}},{"start":{"line":6,"column":2},"end":{"line":9,"column":3}}],"line":6}},"s":{"0":9,"1":9,"2":9,"3":9,"4":9,"5":9,"6":9,"7":9},"f":{"0":9},"b":{"0":[9,0]},"_coverageSchema":"1a1c01bbd47fc00a2c39e90264f33305004495a9","hash":"b6ea7c091c3167d4b30d398341d7b39662cdb855"}
,"/Users/cha/repos/discord-league-bot/server/data/util/firebase.js": {"path":"/Users/cha/repos/discord-league-bot/server/data/util/firebase.js","statementMap":{"0":{"start":{"line":1,"column":14},"end":{"line":1,"column":39}},"1":{"start":{"line":3,"column":0},"end":{"line":16,"column":3}},"2":{"start":{"line":18,"column":11},"end":{"line":18,"column":28}},"3":{"start":{"line":20,"column":0},"end":{"line":23,"column":1}}},"fnMap":{},"branchMap":{},"s":{"0":21,"1":21,"2":21,"3":21},"f":{},"b":{},"_coverageSchema":"1a1c01bbd47fc00a2c39e90264f33305004495a9","hash":"cac09f6f9e95dd9523915a91cd60a8b28518a0a7"}
,"/Users/cha/repos/discord-league-bot/server/data/util/typeFactory.js": {"path":"/Users/cha/repos/discord-league-bot/server/data/util/typeFactory.js","statementMap":{"0":{"start":{"line":1,"column":21},"end":{"line":1,"column":36}},"1":{"start":{"line":2,"column":15},"end":{"line":2,"column":36}},"2":{"start":{"line":4,"column":11},"end":{"line":4,"column":17}},"3":{"start":{"line":4,"column":16},"end":{"line":4,"column":17}},"4":{"start":{"line":6,"column":20},"end":{"line":100,"column":1}},"5":{"start":{"line":7,"column":17},"end":{"line":21,"column":3}},"6":{"start":{"line":8,"column":17},"end":{"line":8,"column":42}},"7":{"start":{"line":9,"column":15},"end":{"line":9,"column":32}},"8":{"start":{"line":10,"column":4},"end":{"line":10,"column":16}},"9":{"start":{"line":12,"column":16},"end":{"line":12,"column":43}},"10":{"start":{"line":13,"column":16},"end":{"line":13,"column":31}},"11":{"start":{"line":15,"column":4},"end":{"line":19,"column":5}},"12":{"start":{"line":16,"column":6},"end":{"line":16,"column":28}},"13":{"start":{"line":18,"column":6},"end":{"line":18,"column":25}},"14":{"start":{"line":20,"column":4},"end":{"line":20,"column":15}},"15":{"start":{"line":23,"column":25},"end":{"line":27,"column":3}},"16":{"start":{"line":24,"column":17},"end":{"line":24,"column":28}},"17":{"start":{"line":25,"column":20},"end":{"line":25,"column":71}},"18":{"start":{"line":25,"column":56},"end":{"line":25,"column":69}},"19":{"start":{"line":26,"column":4},"end":{"line":26,"column":18}},"20":{"start":{"line":29,"column":14},"end":{"line":39,"column":3}},"21":{"start":{"line":30,"column":16},"end":{"line":30,"column":43}},"22":{"start":{"line":31,"column":16},"end":{"line":31,"column":31}},"23":{"start":{"line":33,"column":4},"end":{"line":35,"column":5}},"24":{"start":{"line":34,"column":6},"end":{"line":34,"column":22}},"25":{"start":{"line":37,"column":21},"end":{"line":37,"column":41}},"26":{"start":{"line":38,"column":4},"end":{"line":38,"column":19}},"27":{"start":{"line":41,"column":22},"end":{"line":45,"column":3}},"28":{"start":{"line":42,"column":17},"end":{"line":42,"column":28}},"29":{"start":{"line":43,"column":20},"end":{"line":43,"column":68}},"30":{"start":{"line":43,"column":56},"end":{"line":43,"column":66}},"31":{"start":{"line":44,"column":4},"end":{"line":44,"column":18}},"32":{"start":{"line":47,"column":17},"end":{"line":68,"column":3}},"33":{"start":{"line":48,"column":16},"end":{"line":48,"column":35}},"34":{"start":{"line":50,"column":18},"end":{"line":50,"column":35}},"35":{"start":{"line":51,"column":4},"end":{"line":53,"column":6}},"36":{"start":{"line":52,"column":6},"end":{"line":52,"column":52}},"37":{"start":{"line":54,"column":21},"end":{"line":54,"column":23}},"38":{"start":{"line":55,"column":16},"end":{"line":55,"column":33}},"39":{"start":{"line":56,"column":4},"end":{"line":56,"column":32}},"40":{"start":{"line":56,"column":21},"end":{"line":56,"column":30}},"41":{"start":{"line":58,"column":4},"end":{"line":65,"column":6}},"42":{"start":{"line":59,"column":19},"end":{"line":62,"column":7}},"43":{"start":{"line":63,"column":23},"end":{"line":63,"column":37}},"44":{"start":{"line":64,"column":6},"end":{"line":64,"column":29}},"45":{"start":{"line":67,"column":4},"end":{"line":67,"column":38}},"46":{"start":{"line":70,"column":17},"end":{"line":77,"column":3}},"47":{"start":{"line":71,"column":17},"end":{"line":71,"column":42}},"48":{"start":{"line":73,"column":19},"end":{"line":73,"column":23}},"49":{"start":{"line":74,"column":16},"end":{"line":74,"column":43}},"50":{"start":{"line":75,"column":4},"end":{"line":75,"column":26}},"51":{"start":{"line":76,"column":4},"end":{"line":76,"column":15}},"52":{"start":{"line":79,"column":25},"end":{"line":83,"column":3}},"53":{"start":{"line":80,"column":17},"end":{"line":80,"column":28}},"54":{"start":{"line":81,"column":20},"end":{"line":81,"column":71}},"55":{"start":{"line":81,"column":56},"end":{"line":81,"column":69}},"56":{"start":{"line":82,"column":4},"end":{"line":82,"column":18}},"57":{"start":{"line":85,"column":20},"end":{"line":88,"column":3}},"58":{"start":{"line":86,"column":16},"end":{"line":86,"column":43}},"59":{"start":{"line":87,"column":4},"end":{"line":87,"column":29}},"60":{"start":{"line":90,"column":2},"end":{"line":99,"column":3}},"61":{"start":{"line":104,"column":0},"end":{"line":104,"column":28}}},"fnMap":{"0":{"name":"(anonymous_0)","decl":{"start":{"line":4,"column":11},"end":{"line":4,"column":12}},"loc":{"start":{"line":4,"column":16},"end":{"line":4,"column":17}},"line":4},"1":{"name":"(anonymous_1)","decl":{"start":{"line":6,"column":20},"end":{"line":6,"column":21}},"loc":{"start":{"line":6,"column":87},"end":{"line":100,"column":1}},"line":6},"2":{"name":"(anonymous_2)","decl":{"start":{"line":7,"column":17},"end":{"line":7,"column":18}},"loc":{"start":{"line":7,"column":34},"end":{"line":21,"column":3}},"line":7},"3":{"name":"(anonymous_3)","decl":{"start":{"line":23,"column":25},"end":{"line":23,"column":26}},"loc":{"start":{"line":23,"column":42},"end":{"line":27,"column":3}},"line":23},"4":{"name":"(anonymous_4)","decl":{"start":{"line":25,"column":47},"end":{"line":25,"column":48}},"loc":{"start":{"line":25,"column":56},"end":{"line":25,"column":69}},"line":25},"5":{"name":"(anonymous_5)","decl":{"start":{"line":29,"column":14},"end":{"line":29,"column":15}},"loc":{"start":{"line":29,"column":28},"end":{"line":39,"column":3}},"line":29},"6":{"name":"(anonymous_6)","decl":{"start":{"line":41,"column":22},"end":{"line":41,"column":23}},"loc":{"start":{"line":41,"column":39},"end":{"line":45,"column":3}},"line":41},"7":{"name":"(anonymous_7)","decl":{"start":{"line":43,"column":47},"end":{"line":43,"column":48}},"loc":{"start":{"line":43,"column":56},"end":{"line":43,"column":66}},"line":43},"8":{"name":"(anonymous_8)","decl":{"start":{"line":47,"column":17},"end":{"line":47,"column":18}},"loc":{"start":{"line":47,"column":34},"end":{"line":68,"column":3}},"line":47},"9":{"name":"(anonymous_9)","decl":{"start":{"line":51,"column":18},"end":{"line":51,"column":19}},"loc":{"start":{"line":51,"column":26},"end":{"line":53,"column":5}},"line":51},"10":{"name":"(anonymous_10)","decl":{"start":{"line":58,"column":21},"end":{"line":58,"column":22}},"loc":{"start":{"line":58,"column":28},"end":{"line":65,"column":5}},"line":58},"11":{"name":"(anonymous_11)","decl":{"start":{"line":70,"column":17},"end":{"line":70,"column":18}},"loc":{"start":{"line":70,"column":34},"end":{"line":77,"column":3}},"line":70},"12":{"name":"(anonymous_12)","decl":{"start":{"line":79,"column":25},"end":{"line":79,"column":26}},"loc":{"start":{"line":79,"column":42},"end":{"line":83,"column":3}},"line":79},"13":{"name":"(anonymous_13)","decl":{"start":{"line":81,"column":47},"end":{"line":81,"column":48}},"loc":{"start":{"line":81,"column":56},"end":{"line":81,"column":69}},"line":81},"14":{"name":"(anonymous_14)","decl":{"start":{"line":85,"column":20},"end":{"line":85,"column":21}},"loc":{"start":{"line":85,"column":34},"end":{"line":88,"column":3}},"line":85}},"branchMap":{"0":{"loc":{"start":{"line":6,"column":29},"end":{"line":6,"column":46}},"type":"default-arg","locations":[{"start":{"line":6,"column":44},"end":{"line":6,"column":46}}],"line":6},"1":{"loc":{"start":{"line":6,"column":48},"end":{"line":6,"column":65}},"type":"default-arg","locations":[{"start":{"line":6,"column":63},"end":{"line":6,"column":65}}],"line":6},"2":{"loc":{"start":{"line":6,"column":67},"end":{"line":6,"column":80}},"type":"default-arg","locations":[{"start":{"line":6,"column":78},"end":{"line":6,"column":80}}],"line":6},"3":{"loc":{"start":{"line":9,"column":15},"end":{"line":9,"column":32}},"type":"binary-expr","locations":[{"start":{"line":9,"column":15},"end":{"line":9,"column":22}},{"start":{"line":9,"column":26},"end":{"line":9,"column":32}}],"line":9},"4":{"loc":{"start":{"line":15,"column":4},"end":{"line":19,"column":5}},"type":"if","locations":[{"start":{"line":15,"column":4},"end":{"line":19,"column":5}},{"start":{"line":15,"column":4},"end":{"line":19,"column":5}}],"line":15},"5":{"loc":{"start":{"line":33,"column":4},"end":{"line":35,"column":5}},"type":"if","locations":[{"start":{"line":33,"column":4},"end":{"line":35,"column":5}},{"start":{"line":33,"column":4},"end":{"line":35,"column":5}}],"line":33},"6":{"loc":{"start":{"line":50,"column":18},"end":{"line":50,"column":35}},"type":"binary-expr","locations":[{"start":{"line":50,"column":18},"end":{"line":50,"column":29}},{"start":{"line":50,"column":33},"end":{"line":50,"column":35}}],"line":50},"7":{"loc":{"start":{"line":56,"column":4},"end":{"line":56,"column":32}},"type":"if","locations":[{"start":{"line":56,"column":4},"end":{"line":56,"column":32}},{"start":{"line":56,"column":4},"end":{"line":56,"column":32}}],"line":56}},"s":{"0":21,"1":21,"2":21,"3":180,"4":21,"5":30,"6":45,"7":45,"8":45,"9":45,"10":45,"11":45,"12":0,"13":45,"14":45,"15":30,"16":0,"17":0,"18":0,"19":0,"20":30,"21":133,"22":133,"23":133,"24":4,"25":129,"26":129,"27":30,"28":0,"29":0,"30":0,"31":0,"32":30,"33":0,"34":0,"35":0,"36":0,"37":0,"38":0,"39":0,"40":0,"41":0,"42":0,"43":0,"44":0,"45":0,"46":30,"47":51,"48":51,"49":51,"50":51,"51":51,"52":30,"53":0,"54":0,"55":0,"56":0,"57":30,"58":10,"59":10,"60":30,"61":21},"f":{"0":180,"1":30,"2":45,"3":0,"4":0,"5":133,"6":0,"7":0,"8":0,"9":0,"10":0,"11":51,"12":0,"13":0,"14":10},"b":{"0":[0],"1":[30],"2":[30],"3":[45,0],"4":[0,45],"5":[4,129],"6":[0,0],"7":[0,0]},"_coverageSchema":"1a1c01bbd47fc00a2c39e90264f33305004495a9","hash":"52981a1fbb4e4fff7977871775aa007a68de0350"}
,"/Users/cha/repos/discord-league-bot/server/util/balanceTeams.js": {"path":"/Users/cha/repos/discord-league-bot/server/util/balanceTeams.js","statementMap":{"0":{"start":{"line":1,"column":17},"end":{"line":1,"column":49}},"1":{"start":{"line":3,"column":18},"end":{"line":7,"column":1}},"2":{"start":{"line":4,"column":19},"end":{"line":4,"column":48}},"3":{"start":{"line":5,"column":20},"end":{"line":5,"column":65}},"4":{"start":{"line":6,"column":2},"end":{"line":6,"column":35}},"5":{"start":{"line":9,"column":18},"end":{"line":9,"column":72}},"6":{"start":{"line":9,"column":25},"end":{"line":9,"column":72}},"7":{"start":{"line":9,"column":49},"end":{"line":9,"column":68}},"8":{"start":{"line":11,"column":21},"end":{"line":28,"column":1}},"9":{"start":{"line":13,"column":18},"end":{"line":13,"column":67}},"10":{"start":{"line":13,"column":39},"end":{"line":13,"column":66}},"11":{"start":{"line":14,"column":16},"end":{"line":14,"column":32}},"12":{"start":{"line":16,"column":2},"end":{"line":25,"column":4}},"13":{"start":{"line":20,"column":4},"end":{"line":22,"column":66}},"14":{"start":{"line":20,"column":46},"end":{"line":20,"column":54}},"15":{"start":{"line":21,"column":9},"end":{"line":22,"column":66}},"16":{"start":{"line":21,"column":51},"end":{"line":21,"column":59}},"17":{"start":{"line":22,"column":9},"end":{"line":22,"column":66}},"18":{"start":{"line":24,"column":4},"end":{"line":24,"column":26}},"19":{"start":{"line":27,"column":2},"end":{"line":27,"column":14}},"20":{"start":{"line":30,"column":0},"end":{"line":30,"column":33}}},"fnMap":{"0":{"name":"(anonymous_0)","decl":{"start":{"line":3,"column":18},"end":{"line":3,"column":19}},"loc":{"start":{"line":3,"column":26},"end":{"line":7,"column":1}},"line":3},"1":{"name":"(anonymous_1)","decl":{"start":{"line":9,"column":18},"end":{"line":9,"column":19}},"loc":{"start":{"line":9,"column":25},"end":{"line":9,"column":72}},"line":9},"2":{"name":"(anonymous_2)","decl":{"start":{"line":9,"column":36},"end":{"line":9,"column":37}},"loc":{"start":{"line":9,"column":49},"end":{"line":9,"column":68}},"line":9},"3":{"name":"(anonymous_3)","decl":{"start":{"line":11,"column":21},"end":{"line":11,"column":22}},"loc":{"start":{"line":11,"column":30},"end":{"line":28,"column":1}},"line":11},"4":{"name":"(anonymous_4)","decl":{"start":{"line":13,"column":29},"end":{"line":13,"column":30}},"loc":{"start":{"line":13,"column":39},"end":{"line":13,"column":66}},"line":13},"5":{"name":"(anonymous_5)","decl":{"start":{"line":16,"column":18},"end":{"line":16,"column":19}},"loc":{"start":{"line":16,"column":26},"end":{"line":25,"column":3}},"line":16}},"branchMap":{"0":{"loc":{"start":{"line":4,"column":19},"end":{"line":4,"column":48}},"type":"cond-expr","locations":[{"start":{"line":4,"column":32},"end":{"line":4,"column":42}},{"start":{"line":4,"column":45},"end":{"line":4,"column":48}}],"line":4},"1":{"loc":{"start":{"line":5,"column":20},"end":{"line":5,"column":65}},"type":"cond-expr","locations":[{"start":{"line":5,"column":32},"end":{"line":5,"column":59}},{"start":{"line":5,"column":62},"end":{"line":5,"column":65}}],"line":5},"2":{"loc":{"start":{"line":20,"column":4},"end":{"line":22,"column":66}},"type":"if","locations":[{"start":{"line":20,"column":4},"end":{"line":22,"column":66}},{"start":{"line":20,"column":4},"end":{"line":22,"column":66}}],"line":20},"3":{"loc":{"start":{"line":21,"column":9},"end":{"line":22,"column":66}},"type":"if","locations":[{"start":{"line":21,"column":9},"end":{"line":22,"column":66}},{"start":{"line":21,"column":9},"end":{"line":22,"column":66}}],"line":21},"4":{"loc":{"start":{"line":22,"column":16},"end":{"line":22,"column":66}},"type":"cond-expr","locations":[{"start":{"line":22,"column":61},"end":{"line":22,"column":62}},{"start":{"line":22,"column":65},"end":{"line":22,"column":66}}],"line":22}},"s":{"0":10,"1":10,"2":176,"3":176,"4":176,"5":10,"6":76,"7":58,"8":10,"9":10,"10":59,"11":10,"12":10,"13":48,"14":5,"15":43,"16":5,"17":38,"18":48,"19":10,"20":10},"f":{"0":176,"1":76,"2":58,"3":10,"4":59,"5":48},"b":{"0":[176,0],"1":[118,58],"2":[5,43],"3":[5,38],"4":[19,19]},"_coverageSchema":"1a1c01bbd47fc00a2c39e90264f33305004495a9","hash":"8f277cd652bb575af75bb3241b4ec82ce0aa4f68"}
,"/Users/cha/repos/discord-league-bot/server/util/getCommentary.js": {"path":"/Users/cha/repos/discord-league-bot/server/util/getCommentary.js","statementMap":{"0":{"start":{"line":1,"column":18},"end":{"line":4,"column":1}},"1":{"start":{"line":2,"column":15},"end":{"line":2,"column":53}},"2":{"start":{"line":3,"column":2},"end":{"line":3,"column":18}},"3":{"start":{"line":6,"column":18},"end":{"line":32,"column":1}},"4":{"start":{"line":7,"column":16},"end":{"line":20,"column":3}},"5":{"start":{"line":22,"column":2},"end":{"line":29,"column":3}},"6":{"start":{"line":23,"column":4},"end":{"line":28,"column":6}},"7":{"start":{"line":31,"column":2},"end":{"line":31,"column":27}},"8":{"start":{"line":34,"column":22},"end":{"line":47,"column":1}},"9":{"start":{"line":35,"column":22},"end":{"line":44,"column":3}},"10":{"start":{"line":46,"column":2},"end":{"line":46,"column":31}},"11":{"start":{"line":49,"column":0},"end":{"line":52,"column":1}}},"fnMap":{"0":{"name":"(anonymous_0)","decl":{"start":{"line":1,"column":18},"end":{"line":1,"column":19}},"loc":{"start":{"line":1,"column":27},"end":{"line":4,"column":1}},"line":1},"1":{"name":"(anonymous_1)","decl":{"start":{"line":6,"column":18},"end":{"line":6,"column":19}},"loc":{"start":{"line":6,"column":44},"end":{"line":32,"column":1}},"line":6},"2":{"name":"(anonymous_2)","decl":{"start":{"line":34,"column":22},"end":{"line":34,"column":23}},"loc":{"start":{"line":34,"column":38},"end":{"line":47,"column":1}},"line":34}},"branchMap":{"0":{"loc":{"start":{"line":22,"column":2},"end":{"line":29,"column":3}},"type":"if","locations":[{"start":{"line":22,"column":2},"end":{"line":29,"column":3}},{"start":{"line":22,"column":2},"end":{"line":29,"column":3}}],"line":22}},"s":{"0":9,"1":2,"2":2,"3":9,"4":0,"5":0,"6":0,"7":0,"8":9,"9":2,"10":2,"11":9},"f":{"0":2,"1":0,"2":2},"b":{"0":[0,0]},"_coverageSchema":"1a1c01bbd47fc00a2c39e90264f33305004495a9","hash":"4c3169eefe3725fc869d0b9d776592c39bc49b02"}
,"/Users/cha/repos/discord-league-bot/server/util/getGuildUser.js": {"path":"/Users/cha/repos/discord-league-bot/server/util/getGuildUser.js","statementMap":{"0":{"start":{"line":1,"column":20},"end":{"line":1,"column":51}},"1":{"start":{"line":2,"column":17},"end":{"line":2,"column":49}},"2":{"start":{"line":4,"column":21},"end":{"line":33,"column":1}},"3":{"start":{"line":5,"column":13},"end":{"line":8,"column":3}},"4":{"start":{"line":10,"column":2},"end":{"line":21,"column":3}},"5":{"start":{"line":11,"column":18},"end":{"line":11,"column":53}},"6":{"start":{"line":12,"column":16},"end":{"line":12,"column":49}},"7":{"start":{"line":14,"column":4},"end":{"line":18,"column":5}},"8":{"start":{"line":20,"column":4},"end":{"line":20,"column":56}},"9":{"start":{"line":23,"column":16},"end":{"line":23,"column":38}},"10":{"start":{"line":24,"column":19},"end":{"line":24,"column":52}},"11":{"start":{"line":24,"column":35},"end":{"line":24,"column":51}},"12":{"start":{"line":25,"column":15},"end":{"line":25,"column":61}},"13":{"start":{"line":27,"column":2},"end":{"line":32,"column":3}},"14":{"start":{"line":35,"column":0},"end":{"line":35,"column":33}}},"fnMap":{"0":{"name":"(anonymous_0)","decl":{"start":{"line":4,"column":21},"end":{"line":4,"column":22}},"loc":{"start":{"line":4,"column":52},"end":{"line":33,"column":1}},"line":4},"1":{"name":"(anonymous_1)","decl":{"start":{"line":24,"column":30},"end":{"line":24,"column":31}},"loc":{"start":{"line":24,"column":35},"end":{"line":24,"column":51}},"line":24}},"branchMap":{"0":{"loc":{"start":{"line":23,"column":16},"end":{"line":23,"column":38}},"type":"binary-expr","locations":[{"start":{"line":23,"column":16},"end":{"line":23,"column":32}},{"start":{"line":23,"column":36},"end":{"line":23,"column":38}}],"line":23},"1":{"loc":{"start":{"line":25,"column":15},"end":{"line":25,"column":61}},"type":"cond-expr","locations":[{"start":{"line":25,"column":26},"end":{"line":25,"column":49}},{"start":{"line":25,"column":52},"end":{"line":25,"column":61}}],"line":25}},"s":{"0":9,"1":9,"2":9,"3":28,"4":28,"5":28,"6":28,"7":28,"8":0,"9":28,"10":28,"11":8,"12":28,"13":28,"14":9},"f":{"0":28,"1":8},"b":{"0":[28,20],"1":[8,20]},"_coverageSchema":"1a1c01bbd47fc00a2c39e90264f33305004495a9","hash":"f06a9117c2a93fbd7a5ab993c7418e3691777b05"}
,"/Users/cha/repos/discord-league-bot/server/util/getLeagueStats.js": {"path":"/Users/cha/repos/discord-league-bot/server/util/getLeagueStats.js","statementMap":{"0":{"start":{"line":1,"column":17},"end":{"line":1,"column":43}},"1":{"start":{"line":3,"column":23},"end":{"line":33,"column":1}},"2":{"start":{"line":4,"column":18},"end":{"line":6,"column":4}},"3":{"start":{"line":8,"column":18},"end":{"line":8,"column":20}},"4":{"start":{"line":10,"column":2},"end":{"line":19,"column":4}},"5":{"start":{"line":11,"column":4},"end":{"line":18,"column":6}},"6":{"start":{"line":12,"column":6},"end":{"line":12,"column":27}},"7":{"start":{"line":12,"column":21},"end":{"line":12,"column":27}},"8":{"start":{"line":14,"column":6},"end":{"line":14,"column":66}},"9":{"start":{"line":16,"column":21},"end":{"line":16,"column":58}},"10":{"start":{"line":17,"column":6},"end":{"line":17,"column":53}},"11":{"start":{"line":21,"column":2},"end":{"line":30,"column":4}},"12":{"start":{"line":22,"column":26},"end":{"line":22,"column":37}},"13":{"start":{"line":23,"column":4},"end":{"line":29,"column":5}},"14":{"start":{"line":32,"column":2},"end":{"line":32,"column":16}},"15":{"start":{"line":35,"column":30},"end":{"line":50,"column":1}},"16":{"start":{"line":36,"column":16},"end":{"line":36,"column":46}},"17":{"start":{"line":38,"column":14},"end":{"line":38,"column":15}},"18":{"start":{"line":39,"column":17},"end":{"line":41,"column":3}},"19":{"start":{"line":40,"column":4},"end":{"line":40,"column":32}},"20":{"start":{"line":43,"column":17},"end":{"line":47,"column":4}},"21":{"start":{"line":44,"column":17},"end":{"line":44,"column":30}},"22":{"start":{"line":45,"column":4},"end":{"line":45,"column":58}},"23":{"start":{"line":45,"column":45},"end":{"line":45,"column":58}},"24":{"start":{"line":46,"column":4},"end":{"line":46,"column":31}},"25":{"start":{"line":49,"column":2},"end":{"line":49,"column":15}},"26":{"start":{"line":52,"column":0},"end":{"line":55,"column":1}}},"fnMap":{"0":{"name":"(anonymous_0)","decl":{"start":{"line":3,"column":23},"end":{"line":3,"column":24}},"loc":{"start":{"line":3,"column":41},"end":{"line":33,"column":1}},"line":3},"1":{"name":"(anonymous_1)","decl":{"start":{"line":10,"column":18},"end":{"line":10,"column":19}},"loc":{"start":{"line":10,"column":23},"end":{"line":19,"column":3}},"line":10},"2":{"name":"(anonymous_2)","decl":{"start":{"line":11,"column":35},"end":{"line":11,"column":36}},"loc":{"start":{"line":11,"column":47},"end":{"line":18,"column":5}},"line":11},"3":{"name":"(anonymous_3)","decl":{"start":{"line":21,"column":31},"end":{"line":21,"column":32}},"loc":{"start":{"line":21,"column":37},"end":{"line":30,"column":3}},"line":21},"4":{"name":"(anonymous_4)","decl":{"start":{"line":35,"column":30},"end":{"line":35,"column":31}},"loc":{"start":{"line":35,"column":48},"end":{"line":50,"column":1}},"line":35},"5":{"name":"(anonymous_5)","decl":{"start":{"line":39,"column":43},"end":{"line":39,"column":44}},"loc":{"start":{"line":40,"column":4},"end":{"line":40,"column":32}},"line":40},"6":{"name":"(anonymous_6)","decl":{"start":{"line":43,"column":28},"end":{"line":43,"column":29}},"loc":{"start":{"line":43,"column":43},"end":{"line":47,"column":3}},"line":43}},"branchMap":{"0":{"loc":{"start":{"line":12,"column":6},"end":{"line":12,"column":27}},"type":"if","locations":[{"start":{"line":12,"column":6},"end":{"line":12,"column":27}},{"start":{"line":12,"column":6},"end":{"line":12,"column":27}}],"line":12},"1":{"loc":{"start":{"line":14,"column":26},"end":{"line":14,"column":66}},"type":"binary-expr","locations":[{"start":{"line":14,"column":26},"end":{"line":14,"column":43}},{"start":{"line":14,"column":47},"end":{"line":14,"column":66}}],"line":14},"2":{"loc":{"start":{"line":17,"column":24},"end":{"line":17,"column":47}},"type":"cond-expr","locations":[{"start":{"line":17,"column":33},"end":{"line":17,"column":38}},{"start":{"line":17,"column":41},"end":{"line":17,"column":47}}],"line":17},"3":{"loc":{"start":{"line":40,"column":4},"end":{"line":40,"column":32}},"type":"cond-expr","locations":[{"start":{"line":40,"column":26},"end":{"line":40,"column":27}},{"start":{"line":40,"column":30},"end":{"line":40,"column":32}}],"line":40},"4":{"loc":{"start":{"line":45,"column":4},"end":{"line":45,"column":58}},"type":"if","locations":[{"start":{"line":45,"column":4},"end":{"line":45,"column":58}},{"start":{"line":45,"column":4},"end":{"line":45,"column":58}}],"line":45},"5":{"loc":{"start":{"line":45,"column":8},"end":{"line":45,"column":43}},"type":"binary-expr","locations":[{"start":{"line":45,"column":8},"end":{"line":45,"column":12}},{"start":{"line":45,"column":16},"end":{"line":45,"column":43}}],"line":45}},"s":{"0":12,"1":12,"2":0,"3":0,"4":0,"5":0,"6":0,"7":0,"8":0,"9":0,"10":0,"11":0,"12":0,"13":0,"14":0,"15":12,"16":0,"17":0,"18":0,"19":0,"20":0,"21":0,"22":0,"23":0,"24":0,"25":0,"26":12},"f":{"0":0,"1":0,"2":0,"3":0,"4":0,"5":0,"6":0},"b":{"0":[0,0],"1":[0,0],"2":[0,0],"3":[0,0],"4":[0,0],"5":[0,0]},"_coverageSchema":"1a1c01bbd47fc00a2c39e90264f33305004495a9","hash":"954de8978e4180033fffd8f9434e65d05ff34121"}
,"/Users/cha/repos/discord-league-bot/server/util/getTeamCombos.js": {"path":"/Users/cha/repos/discord-league-bot/server/util/getTeamCombos.js","statementMap":{"0":{"start":{"line":1,"column":22},"end":{"line":45,"column":1}},"1":{"start":{"line":2,"column":16},"end":{"line":2,"column":65}},"2":{"start":{"line":2,"column":63},"end":{"line":2,"column":64}},"3":{"start":{"line":4,"column":21},"end":{"line":25,"column":3}},"4":{"start":{"line":5,"column":17},"end":{"line":5,"column":19}},"5":{"start":{"line":7,"column":4},"end":{"line":9,"column":5}},"6":{"start":{"line":8,"column":6},"end":{"line":8,"column":36}},"7":{"start":{"line":8,"column":32},"end":{"line":8,"column":35}},"8":{"start":{"line":11,"column":4},"end":{"line":22,"column":5}},"9":{"start":{"line":11,"column":17},"end":{"line":11,"column":18}},"10":{"start":{"line":12,"column":21},"end":{"line":12,"column":65}},"11":{"start":{"line":14,"column":6},"end":{"line":21,"column":8}},"12":{"start":{"line":15,"column":22},"end":{"line":18,"column":9}},"13":{"start":{"line":20,"column":8},"end":{"line":20,"column":26}},"14":{"start":{"line":24,"column":4},"end":{"line":24,"column":17}},"15":{"start":{"line":27,"column":20},"end":{"line":27,"column":47}},"16":{"start":{"line":28,"column":14},"end":{"line":28,"column":16}},"17":{"start":{"line":29,"column":17},"end":{"line":29,"column":19}},"18":{"start":{"line":31,"column":12},"end":{"line":31,"column":39}},"19":{"start":{"line":31,"column":19},"end":{"line":31,"column":39}},"20":{"start":{"line":33,"column":2},"end":{"line":42,"column":4}},"21":{"start":{"line":34,"column":18},"end":{"line":34,"column":23}},"22":{"start":{"line":35,"column":18},"end":{"line":35,"column":55}},"23":{"start":{"line":35,"column":36},"end":{"line":35,"column":54}},"24":{"start":{"line":37,"column":4},"end":{"line":37,"column":64}},"25":{"start":{"line":37,"column":58},"end":{"line":37,"column":64}},"26":{"start":{"line":39,"column":18},"end":{"line":39,"column":59}},"27":{"start":{"line":39,"column":33},"end":{"line":39,"column":58}},"28":{"start":{"line":40,"column":4},"end":{"line":40,"column":22}},"29":{"start":{"line":41,"column":4},"end":{"line":41,"column":22}},"30":{"start":{"line":44,"column":2},"end":{"line":44,"column":15}},"31":{"start":{"line":47,"column":0},"end":{"line":47,"column":34}}},"fnMap":{"0":{"name":"(anonymous_0)","decl":{"start":{"line":1,"column":22},"end":{"line":1,"column":23}},"loc":{"start":{"line":1,"column":36},"end":{"line":45,"column":1}},"line":1},"1":{"name":"(anonymous_1)","decl":{"start":{"line":2,"column":53},"end":{"line":2,"column":54}},"loc":{"start":{"line":2,"column":63},"end":{"line":2,"column":64}},"line":2},"2":{"name":"(anonymous_2)","decl":{"start":{"line":4,"column":21},"end":{"line":4,"column":22}},"loc":{"start":{"line":4,"column":42},"end":{"line":25,"column":3}},"line":4},"3":{"name":"(anonymous_3)","decl":{"start":{"line":8,"column":27},"end":{"line":8,"column":28}},"loc":{"start":{"line":8,"column":32},"end":{"line":8,"column":35}},"line":8},"4":{"name":"(anonymous_4)","decl":{"start":{"line":14,"column":21},"end":{"line":14,"column":22}},"loc":{"start":{"line":14,"column":26},"end":{"line":21,"column":7}},"line":14},"5":{"name":"(anonymous_5)","decl":{"start":{"line":31,"column":12},"end":{"line":31,"column":13}},"loc":{"start":{"line":31,"column":19},"end":{"line":31,"column":39}},"line":31},"6":{"name":"(anonymous_6)","decl":{"start":{"line":33,"column":20},"end":{"line":33,"column":21}},"loc":{"start":{"line":33,"column":29},"end":{"line":42,"column":3}},"line":33},"7":{"name":"(anonymous_7)","decl":{"start":{"line":35,"column":31},"end":{"line":35,"column":32}},"loc":{"start":{"line":35,"column":36},"end":{"line":35,"column":54}},"line":35},"8":{"name":"(anonymous_8)","decl":{"start":{"line":39,"column":28},"end":{"line":39,"column":29}},"loc":{"start":{"line":39,"column":33},"end":{"line":39,"column":58}},"line":39}},"branchMap":{"0":{"loc":{"start":{"line":7,"column":4},"end":{"line":9,"column":5}},"type":"if","locations":[{"start":{"line":7,"column":4},"end":{"line":9,"column":5}},{"start":{"line":7,"column":4},"end":{"line":9,"column":5}}],"line":7},"1":{"loc":{"start":{"line":37,"column":4},"end":{"line":37,"column":64}},"type":"if","locations":[{"start":{"line":37,"column":4},"end":{"line":37,"column":64}},{"start":{"line":37,"column":4},"end":{"line":37,"column":64}}],"line":37},"2":{"loc":{"start":{"line":37,"column":8},"end":{"line":37,"column":56}},"type":"binary-expr","locations":[{"start":{"line":37,"column":8},"end":{"line":37,"column":30}},{"start":{"line":37,"column":34},"end":{"line":37,"column":56}}],"line":37},"3":{"loc":{"start":{"line":39,"column":33},"end":{"line":39,"column":58}},"type":"cond-expr","locations":[{"start":{"line":39,"column":53},"end":{"line":39,"column":54}},{"start":{"line":39,"column":57},"end":{"line":39,"column":58}}],"line":39}},"s":{"0":10,"1":6,"2":24,"3":6,"4":123,"5":123,"6":78,"7":102,"8":45,"9":45,"10":117,"11":117,"12":256,"13":256,"14":45,"15":6,"16":6,"17":6,"18":6,"19":255,"20":6,"21":102,"22":102,"23":716,"24":102,"25":51,"26":51,"27":358,"28":51,"29":51,"30":6,"31":10},"f":{"0":6,"1":24,"2":123,"3":102,"4":256,"5":255,"6":102,"7":716,"8":358},"b":{"0":[78,45],"1":[51,51],"2":[102,102],"3":[179,179]},"_coverageSchema":"1a1c01bbd47fc00a2c39e90264f33305004495a9","hash":"7ca240d77259a7dd6855c68732101981bfa6b911"}
,"/Users/cha/repos/discord-league-bot/server/util/index.js": {"path":"/Users/cha/repos/discord-league-bot/server/util/index.js","statementMap":{"0":{"start":{"line":1,"column":15},"end":{"line":1,"column":45}},"1":{"start":{"line":3,"column":20},"end":{"line":7,"column":1}},"2":{"start":{"line":4,"column":19},"end":{"line":4,"column":32}},"3":{"start":{"line":5,"column":2},"end":{"line":5,"column":70}},"4":{"start":{"line":5,"column":40},"end":{"line":5,"column":70}},"5":{"start":{"line":6,"column":2},"end":{"line":6,"column":17}},"6":{"start":{"line":9,"column":20},"end":{"line":12,"column":1}},"7":{"start":{"line":10,"column":19},"end":{"line":10,"column":41}},"8":{"start":{"line":11,"column":2},"end":{"line":11,"column":42}},"9":{"start":{"line":14,"column":22},"end":{"line":18,"column":14}},"10":{"start":{"line":15,"column":2},"end":{"line":18,"column":14}},"11":{"start":{"line":17,"column":14},"end":{"line":17,"column":24}},"12":{"start":{"line":20,"column":22},"end":{"line":24,"column":14}},"13":{"start":{"line":21,"column":2},"end":{"line":24,"column":14}},"14":{"start":{"line":22,"column":20},"end":{"line":22,"column":39}},"15":{"start":{"line":23,"column":14},"end":{"line":23,"column":24}},"16":{"start":{"line":26,"column":17},"end":{"line":32,"column":1}},"17":{"start":{"line":27,"column":20},"end":{"line":27,"column":40}},"18":{"start":{"line":28,"column":16},"end":{"line":28,"column":67}},"19":{"start":{"line":28,"column":45},"end":{"line":28,"column":66}},"20":{"start":{"line":29,"column":16},"end":{"line":29,"column":67}},"21":{"start":{"line":29,"column":45},"end":{"line":29,"column":66}},"22":{"start":{"line":31,"column":2},"end":{"line":31,"column":31}},"23":{"start":{"line":34,"column":0},"end":{"line":40,"column":1}}},"fnMap":{"0":{"name":"(anonymous_0)","decl":{"start":{"line":3,"column":20},"end":{"line":3,"column":21}},"loc":{"start":{"line":3,"column":27},"end":{"line":7,"column":1}},"line":3},"1":{"name":"(anonymous_1)","decl":{"start":{"line":9,"column":20},"end":{"line":9,"column":21}},"loc":{"start":{"line":9,"column":44},"end":{"line":12,"column":1}},"line":9},"2":{"name":"(anonymous_2)","decl":{"start":{"line":14,"column":22},"end":{"line":14,"column":23}},"loc":{"start":{"line":15,"column":2},"end":{"line":18,"column":14}},"line":15},"3":{"name":"(anonymous_3)","decl":{"start":{"line":17,"column":9},"end":{"line":17,"column":10}},"loc":{"start":{"line":17,"column":14},"end":{"line":17,"column":24}},"line":17},"4":{"name":"(anonymous_4)","decl":{"start":{"line":20,"column":22},"end":{"line":20,"column":23}},"loc":{"start":{"line":21,"column":2},"end":{"line":24,"column":14}},"line":21},"5":{"name":"(anonymous_5)","decl":{"start":{"line":22,"column":10},"end":{"line":22,"column":11}},"loc":{"start":{"line":22,"column":20},"end":{"line":22,"column":39}},"line":22},"6":{"name":"(anonymous_6)","decl":{"start":{"line":23,"column":9},"end":{"line":23,"column":10}},"loc":{"start":{"line":23,"column":14},"end":{"line":23,"column":24}},"line":23},"7":{"name":"(anonymous_7)","decl":{"start":{"line":26,"column":17},"end":{"line":26,"column":18}},"loc":{"start":{"line":26,"column":28},"end":{"line":32,"column":1}},"line":26},"8":{"name":"(anonymous_8)","decl":{"start":{"line":28,"column":40},"end":{"line":28,"column":41}},"loc":{"start":{"line":28,"column":45},"end":{"line":28,"column":66}},"line":28},"9":{"name":"(anonymous_9)","decl":{"start":{"line":29,"column":40},"end":{"line":29,"column":41}},"loc":{"start":{"line":29,"column":45},"end":{"line":29,"column":66}},"line":29}},"branchMap":{"0":{"loc":{"start":{"line":5,"column":2},"end":{"line":5,"column":70}},"type":"if","locations":[{"start":{"line":5,"column":2},"end":{"line":5,"column":70}},{"start":{"line":5,"column":2},"end":{"line":5,"column":70}}],"line":5}},"s":{"0":10,"1":10,"2":80,"3":80,"4":6,"5":74,"6":10,"7":15,"8":14,"9":10,"10":38,"11":100,"12":10,"13":36,"14":63,"15":78,"16":10,"17":18,"18":18,"19":70,"20":18,"21":70,"22":18,"23":10},"f":{"0":80,"1":15,"2":38,"3":100,"4":36,"5":63,"6":78,"7":18,"8":70,"9":70},"b":{"0":[6,74]},"_coverageSchema":"1a1c01bbd47fc00a2c39e90264f33305004495a9","hash":"79fd26515b8059978774fd3bc3b458f0758c25f6"}
,"/Users/cha/repos/discord-league-bot/shared/commands.js": {"path":"/Users/cha/repos/discord-league-bot/shared/commands.js","statementMap":{"0":{"start":{"line":1,"column":21},"end":{"line":14,"column":1}},"1":{"start":{"line":16,"column":22},"end":{"line":20,"column":1}},"2":{"start":{"line":22,"column":18},"end":{"line":36,"column":1}},"3":{"start":{"line":38,"column":17},"end":{"line":38,"column":32}},"4":{"start":{"line":38,"column":24},"end":{"line":38,"column":32}},"5":{"start":{"line":40,"column":17},"end":{"line":108,"column":1}},"6":{"start":{"line":110,"column":0},"end":{"line":110,"column":69}}},"fnMap":{"0":{"name":"(anonymous_0)","decl":{"start":{"line":38,"column":17},"end":{"line":38,"column":18}},"loc":{"start":{"line":38,"column":24},"end":{"line":38,"column":32}},"line":38}},"branchMap":{},"s":{"0":9,"1":9,"2":9,"3":9,"4":27,"5":9,"6":9},"f":{"0":27},"b":{},"_coverageSchema":"1a1c01bbd47fc00a2c39e90264f33305004495a9","hash":"fccd579e2f735a6b37a9a829ed888f28dbaa235d"}
,"/Users/cha/repos/discord-league-bot/shared/getAdvancedMarkdown.js": {"path":"/Users/cha/repos/discord-league-bot/shared/getAdvancedMarkdown.js","statementMap":{"0":{"start":{"line":1,"column":28},"end":{"line":2,"column":213}},"1":{"start":{"line":2,"column":2},"end":{"line":2,"column":213}},"2":{"start":{"line":4,"column":0},"end":{"line":6,"column":1}}},"fnMap":{"0":{"name":"(anonymous_0)","decl":{"start":{"line":1,"column":28},"end":{"line":1,"column":29}},"loc":{"start":{"line":2,"column":2},"end":{"line":2,"column":213}},"line":2}},"branchMap":{},"s":{"0":9,"1":1,"2":9},"f":{"0":1},"b":{},"_coverageSchema":"1a1c01bbd47fc00a2c39e90264f33305004495a9","hash":"62b5f75dc8eb0d05e5df6150186984a052f55cc7"}
,"/Users/cha/repos/discord-league-bot/shared/getCommandsMarkdown.js": {"path":"/Users/cha/repos/discord-league-bot/shared/getCommandsMarkdown.js","statementMap":{"0":{"start":{"line":1,"column":21},"end":{"line":1,"column":42}},"1":{"start":{"line":3,"column":28},"end":{"line":14,"column":15}},"2":{"start":{"line":4,"column":2},"end":{"line":14,"column":15}},"3":{"start":{"line":5,"column":19},"end":{"line":5,"column":30}},"4":{"start":{"line":6,"column":21},"end":{"line":6,"column":51}},"5":{"start":{"line":9,"column":8},"end":{"line":9,"column":74}},"6":{"start":{"line":11,"column":19},"end":{"line":11,"column":55}},"7":{"start":{"line":12,"column":6},"end":{"line":12,"column":80}},"8":{"start":{"line":16,"column":0},"end":{"line":18,"column":1}}},"fnMap":{"0":{"name":"(anonymous_0)","decl":{"start":{"line":3,"column":28},"end":{"line":3,"column":29}},"loc":{"start":{"line":4,"column":2},"end":{"line":14,"column":15}},"line":4},"1":{"name":"(anonymous_1)","decl":{"start":{"line":5,"column":12},"end":{"line":5,"column":13}},"loc":{"start":{"line":5,"column":19},"end":{"line":5,"column":30}},"line":5},"2":{"name":"(anonymous_2)","decl":{"start":{"line":6,"column":10},"end":{"line":6,"column":11}},"loc":{"start":{"line":6,"column":21},"end":{"line":6,"column":51}},"line":6},"3":{"name":"(anonymous_3)","decl":{"start":{"line":7,"column":9},"end":{"line":7,"column":10}},"loc":{"start":{"line":7,"column":16},"end":{"line":13,"column":5}},"line":7}},"branchMap":{"0":{"loc":{"start":{"line":6,"column":21},"end":{"line":6,"column":51}},"type":"cond-expr","locations":[{"start":{"line":6,"column":45},"end":{"line":6,"column":46}},{"start":{"line":6,"column":49},"end":{"line":6,"column":51}}],"line":6},"1":{"loc":{"start":{"line":9,"column":8},"end":{"line":9,"column":74}},"type":"cond-expr","locations":[{"start":{"line":9,"column":40},"end":{"line":9,"column":69}},{"start":{"line":9,"column":72},"end":{"line":9,"column":74}}],"line":9},"2":{"loc":{"start":{"line":9,"column":8},"end":{"line":9,"column":37}},"type":"binary-expr","locations":[{"start":{"line":9,"column":8},"end":{"line":9,"column":17}},{"start":{"line":9,"column":21},"end":{"line":9,"column":37}}],"line":9},"3":{"loc":{"start":{"line":11,"column":19},"end":{"line":11,"column":55}},"type":"cond-expr","locations":[{"start":{"line":11,"column":32},"end":{"line":11,"column":50}},{"start":{"line":11,"column":53},"end":{"line":11,"column":55}}],"line":11}},"s":{"0":9,"1":9,"2":2,"3":24,"4":50,"5":20,"6":20,"7":20,"8":9},"f":{"0":2,"1":24,"2":50,"3":20},"b":{"0":[10,40],"1":[16,4],"2":[20,18],"3":[18,2]},"_coverageSchema":"1a1c01bbd47fc00a2c39e90264f33305004495a9","hash":"1d31f48624fcc7ffc8959cb4de119bb867359c72"}
,"/Users/cha/repos/discord-league-bot/shared/getVariablesMarkdown.js": {"path":"/Users/cha/repos/discord-league-bot/shared/getVariablesMarkdown.js","statementMap":{"0":{"start":{"line":1,"column":22},"end":{"line":1,"column":43}},"1":{"start":{"line":3,"column":29},"end":{"line":10,"column":15}},"2":{"start":{"line":4,"column":2},"end":{"line":10,"column":15}},"3":{"start":{"line":5,"column":19},"end":{"line":5,"column":30}},"4":{"start":{"line":6,"column":21},"end":{"line":6,"column":45}},"5":{"start":{"line":8,"column":6},"end":{"line":8,"column":49}},"6":{"start":{"line":12,"column":0},"end":{"line":14,"column":1}}},"fnMap":{"0":{"name":"(anonymous_0)","decl":{"start":{"line":3,"column":29},"end":{"line":3,"column":30}},"loc":{"start":{"line":4,"column":2},"end":{"line":10,"column":15}},"line":4},"1":{"name":"(anonymous_1)","decl":{"start":{"line":5,"column":12},"end":{"line":5,"column":13}},"loc":{"start":{"line":5,"column":19},"end":{"line":5,"column":30}},"line":5},"2":{"name":"(anonymous_2)","decl":{"start":{"line":6,"column":10},"end":{"line":6,"column":11}},"loc":{"start":{"line":6,"column":21},"end":{"line":6,"column":45}},"line":6},"3":{"name":"(anonymous_3)","decl":{"start":{"line":7,"column":9},"end":{"line":7,"column":10}},"loc":{"start":{"line":7,"column":16},"end":{"line":9,"column":5}},"line":7}},"branchMap":{"0":{"loc":{"start":{"line":6,"column":21},"end":{"line":6,"column":45}},"type":"cond-expr","locations":[{"start":{"line":6,"column":39},"end":{"line":6,"column":40}},{"start":{"line":6,"column":43},"end":{"line":6,"column":45}}],"line":6}},"s":{"0":9,"1":9,"2":1,"3":3,"4":1,"5":2,"6":9},"f":{"0":1,"1":3,"2":1,"3":2},"b":{"0":[0,1]},"_coverageSchema":"1a1c01bbd47fc00a2c39e90264f33305004495a9","hash":"53f5b37de298f94ed0be111659ba31a39d140432"}
,"/Users/cha/repos/discord-league-bot/test/league.js": {"path":"/Users/cha/repos/discord-league-bot/test/league.js","statementMap":{"0":{"start":{"line":1,"column":17},"end":{"line":5,"column":1}},"1":{"start":{"line":7,"column":17},"end":{"line":11,"column":1}},"2":{"start":{"line":13,"column":17},"end":{"line":17,"column":1}},"3":{"start":{"line":19,"column":0},"end":{"line":23,"column":1}}},"fnMap":{},"branchMap":{},"s":{"0":4,"1":4,"2":4,"3":4},"f":{},"b":{},"_coverageSchema":"1a1c01bbd47fc00a2c39e90264f33305004495a9","hash":"610b40609544e57cb192670fdb8eb4e2462db247"}
,"/Users/cha/repos/discord-league-bot/test/match.js": {"path":"/Users/cha/repos/discord-league-bot/test/match.js","statementMap":{"0":{"start":{"line":1,"column":16},"end":{"line":8,"column":1}},"1":{"start":{"line":10,"column":16},"end":{"line":19,"column":1}},"2":{"start":{"line":21,"column":16},"end":{"line":32,"column":1}},"3":{"start":{"line":34,"column":0},"end":{"line":38,"column":1}}},"fnMap":{},"branchMap":{},"s":{"0":2,"1":2,"2":2,"3":2},"f":{},"b":{},"_coverageSchema":"1a1c01bbd47fc00a2c39e90264f33305004495a9","hash":"68bce9586a15c5a4867ba4c674b3ad1fc2f1f348"}
}
