TN:
SF:server/bot/bubbles.js
FN:6,(anonymous_0)
FNF:1
FNH:0
FNDA:0,(anonymous_0)
DA:1,9
DA:2,9
DA:4,9
DA:6,9
DA:7,0
DA:8,0
DA:10,0
DA:11,0
DA:12,0
DA:15,0
DA:18,0
DA:19,0
DA:20,0
DA:22,0
DA:23,0
DA:26,0
DA:33,9
LF:17
LH:5
BRDA:10,0,0,0
BRDA:10,0,1,0
BRF:2
BRH:0
end_of_record
TN:
SF:server/bot/callbacks.js
FN:20,(anonymous_0)
FN:23,(anonymous_1)
FNF:2
FNH:1
FNDA:1,(anonymous_0)
FNDA:0,(anonymous_1)
DA:1,9
DA:2,9
DA:3,9
DA:4,9
DA:5,9
DA:6,9
DA:7,9
DA:8,9
DA:9,9
DA:12,9
DA:16,9
DA:21,1
DA:24,0
DA:39,9
LF:14
LH:13
BRDA:12,0,0,0
BRDA:12,0,1,9
BRDA:26,1,0,0
BRDA:26,1,1,0
BRF:4
BRH:1
end_of_record
TN:
SF:server/bot/cancel.js
FN:5,(anonymous_0)
FNF:1
FNH:1
FNDA:2,(anonymous_0)
DA:1,9
DA:2,9
DA:3,9
DA:5,9
DA:6,2
DA:7,0
DA:8,0
DA:11,2
DA:12,2
DA:14,2
DA:15,0
DA:16,0
DA:19,2
DA:20,1
DA:21,1
DA:24,1
DA:25,1
DA:26,1
DA:28,0
DA:32,9
LF:20
LH:15
BRDA:6,0,0,0
BRDA:6,0,1,2
BRDA:14,1,0,0
BRDA:14,1,1,2
BRDA:19,2,0,1
BRDA:19,2,1,1
BRF:6
BRH:4
end_of_record
TN:
SF:server/bot/createMatch.js
FN:15,(anonymous_0)
FN:39,(anonymous_1)
FN:47,(anonymous_2)
FN:51,(anonymous_3)
FN:58,(anonymous_4)
FN:59,(anonymous_5)
FNF:6
FNH:6
FNDA:8,(anonymous_0)
FNDA:4,(anonymous_1)
FNDA:28,(anonymous_2)
FNDA:28,(anonymous_3)
FNDA:14,(anonymous_4)
FNDA:14,(anonymous_5)
DA:1,9
DA:2,9
DA:3,9
DA:4,9
DA:5,9
DA:6,9
DA:7,9
DA:8,9
DA:10,9
DA:15,9
DA:21,8
DA:22,8
DA:23,8
DA:25,8
DA:26,8
DA:27,2
DA:28,2
DA:30,2
DA:31,0
DA:32,0
DA:33,0
DA:34,0
DA:37,2
DA:39,2
DA:40,4
DA:44,8
DA:45,6
DA:46,6
DA:47,28
DA:50,6
DA:51,28
DA:58,14
DA:59,14
DA:62,8
DA:64,8
DA:72,0
DA:73,0
DA:77,9
LF:38
LH:32
BRDA:18,0,0,0
BRDA:26,1,0,2
BRDA:26,1,1,6
BRDA:30,2,0,0
BRDA:30,2,1,2
BRDA:32,3,0,0
BRDA:32,3,1,0
BRDA:44,4,0,6
BRDA:44,4,1,2
BRDA:53,5,0,4
BRDA:53,5,1,24
BRF:11
BRH:7
end_of_record
TN:
SF:server/bot/index.js
FN:8,(anonymous_0)
FN:12,(anonymous_1)
FN:25,(anonymous_2)
FNF:3
FNH:2
FNDA:0,(anonymous_0)
FNDA:68,(anonymous_1)
FNDA:205,(anonymous_2)
DA:1,9
DA:2,9
DA:3,9
DA:4,9
DA:6,9
DA:8,9
DA:9,0
DA:12,9
DA:13,68
DA:14,68
DA:15,68
DA:17,68
DA:18,1
DA:19,1
DA:20,1
DA:23,68
DA:24,68
DA:25,68
DA:26,205
DA:27,205
DA:28,205
DA:34,68
DA:35,2
DA:36,1
DA:40,2
DA:43,66
DA:44,0
DA:45,0
DA:48,0
DA:51,66
DA:52,66
DA:54,0
LF:32
LH:27
BRDA:17,0,0,1
BRDA:17,0,1,67
BRDA:27,1,0,205
BRDA:27,1,1,12
BRDA:29,2,0,205
BRDA:29,2,1,139
BRDA:29,2,2,133
BRDA:34,3,0,2
BRDA:34,3,1,66
BRDA:35,4,0,1
BRDA:35,4,1,1
BRDA:43,5,0,0
BRDA:43,5,1,66
BRDA:48,6,0,0
BRDA:48,6,1,0
BRF:15
BRH:12
end_of_record
TN:
SF:server/bot/messages.js
FN:10,(anonymous_0)
FN:18,(anonymous_1)
FN:28,(anonymous_2)
FN:47,(anonymous_3)
FN:60,(anonymous_4)
FNF:5
FNH:5
FNDA:6,(anonymous_0)
FNDA:6,(anonymous_1)
FNDA:8,(anonymous_2)
FNDA:33,(anonymous_3)
FNDA:1,(anonymous_4)
DA:1,9
DA:2,9
DA:3,9
DA:4,9
DA:5,9
DA:6,9
DA:8,9
DA:10,9
DA:11,6
DA:12,6
DA:15,0
DA:18,9
DA:19,6
DA:28,9
DA:29,8
DA:30,8
DA:31,8
DA:33,8
DA:47,9
DA:48,33
DA:50,33
DA:54,33
DA:60,9
DA:61,1
DA:77,9
LF:25
LH:24
BRDA:11,0,0,6
BRDA:11,0,1,0
BRDA:43,1,0,6
BRDA:43,1,1,2
BRDA:50,2,0,31
BRDA:50,2,1,2
BRF:6
BRH:5
end_of_record
TN:
SF:server/bot/new.js
FN:4,(anonymous_0)
FNF:1
FNH:1
FNDA:5,(anonymous_0)
DA:1,9
DA:2,9
DA:4,9
DA:7,5
DA:8,5
DA:10,1
DA:11,1
DA:14,4
DA:15,4
DA:17,4
DA:18,1
DA:21,1
DA:24,3
DA:25,3
DA:28,9
LF:15
LH:15
BRDA:17,0,0,1
BRDA:17,0,1,3
BRF:2
BRH:2
end_of_record
TN:
SF:server/bot/queue.js
FN:10,(anonymous_0)
FN:41,(anonymous_1)
FN:42,(anonymous_2)
FN:51,(anonymous_3)
FN:58,(anonymous_4)
FN:66,(anonymous_5)
FN:74,(anonymous_6)
FN:78,(anonymous_7)
FN:84,(anonymous_8)
FN:90,(anonymous_9)
FN:135,(anonymous_10)
FN:139,(anonymous_11)
FN:142,(anonymous_12)
FN:143,(anonymous_13)
FN:160,(anonymous_14)
FNF:15
FNH:11
FNDA:44,(anonymous_0)
FNDA:6,(anonymous_1)
FNDA:6,(anonymous_2)
FNDA:0,(anonymous_3)
FNDA:0,(anonymous_4)
FNDA:6,(anonymous_5)
FNDA:8,(anonymous_6)
FNDA:44,(anonymous_7)
FNDA:32,(anonymous_8)
FNDA:44,(anonymous_9)
FNDA:38,(anonymous_10)
FNDA:6,(anonymous_11)
FNDA:0,(anonymous_12)
FNDA:0,(anonymous_13)
FNDA:4,(anonymous_14)
DA:1,9
DA:2,9
DA:3,9
DA:4,9
DA:5,9
DA:6,9
DA:7,9
DA:8,9
DA:10,9
DA:11,44
DA:12,44
DA:13,44
DA:15,44
DA:17,44
DA:18,41
DA:20,38
DA:21,38
DA:22,38
DA:23,38
DA:31,9
DA:36,9
DA:41,9
DA:42,6
DA:43,6
DA:44,6
DA:46,6
DA:51,6
DA:52,0
DA:54,0
DA:55,0
DA:57,0
DA:58,0
DA:60,0
DA:62,0
DA:65,6
DA:66,6
DA:67,6
DA:68,6
DA:69,6
DA:74,9
DA:75,8
DA:76,8
DA:78,44
DA:79,8
DA:82,8
DA:83,8
DA:84,32
DA:86,8
DA:87,8
DA:90,9
DA:93,44
DA:94,44
DA:95,44
DA:96,44
DA:97,38
DA:99,38
DA:100,3
DA:101,3
DA:106,3
DA:109,35
DA:110,27
DA:111,27
DA:112,27
DA:115,8
DA:117,8
DA:119,8
DA:120,6
DA:123,6
DA:126,8
DA:127,8
DA:129,6
DA:130,6
DA:131,6
DA:135,9
DA:136,38
DA:139,9
DA:140,6
DA:141,0
DA:143,0
DA:144,0
DA:150,0
DA:151,0
DA:154,0
DA:157,6
DA:160,9
DA:161,4
DA:162,4
DA:163,3
DA:164,3
DA:165,3
DA:167,1
DA:168,1
DA:169,1
DA:173,9
LF:94
LH:81
BRDA:13,0,0,0
BRDA:13,0,1,44
BRDA:15,1,0,44
BRDA:15,1,1,0
BRDA:17,2,0,3
BRDA:17,2,1,41
BRDA:17,3,0,44
BRDA:17,3,1,38
BRDA:18,4,0,3
BRDA:18,4,1,38
BRDA:18,5,0,41
BRDA:18,5,1,6
BRDA:20,6,0,35
BRDA:20,6,1,3
BRDA:22,7,0,3
BRDA:22,7,1,35
BRDA:52,8,0,0
BRDA:52,8,1,0
BRDA:55,9,0,0
BRDA:55,9,1,0
BRDA:60,10,0,0
BRDA:60,10,1,0
BRDA:67,11,0,6
BRDA:67,11,1,0
BRDA:90,12,0,44
BRDA:99,13,0,3
BRDA:99,13,1,35
BRDA:100,14,0,3
BRDA:100,14,1,0
BRDA:109,15,0,27
BRDA:109,15,1,8
BRDA:111,16,0,27
BRDA:111,16,1,0
BRDA:119,17,0,6
BRDA:119,17,1,2
BRDA:130,18,0,6
BRDA:130,18,1,0
BRDA:140,19,0,0
BRDA:140,19,1,6
BRF:39
BRH:26
end_of_record
TN:
SF:server/bot/report.js
FN:7,(anonymous_0)
FN:13,(anonymous_1)
FN:18,(anonymous_2)
FN:31,(anonymous_3)
FN:46,(anonymous_4)
FN:69,(anonymous_5)
FN:73,(anonymous_6)
FNF:7
FNH:7
FNDA:2,(anonymous_0)
FNDA:2,(anonymous_1)
FNDA:2,(anonymous_2)
FNDA:6,(anonymous_3)
FNDA:6,(anonymous_4)
FNDA:3,(anonymous_5)
FNDA:3,(anonymous_6)
DA:1,9
DA:2,9
DA:3,9
DA:4,9
DA:5,9
DA:7,9
DA:8,2
DA:9,2
DA:10,1
DA:13,9
DA:14,2
DA:15,2
DA:18,9
DA:19,2
DA:20,2
DA:22,2
DA:23,0
DA:24,0
DA:27,2
DA:28,2
DA:31,9
DA:32,6
DA:33,6
DA:34,6
DA:36,6
DA:38,6
DA:39,4
DA:41,2
DA:42,2
DA:43,2
DA:46,9
DA:47,6
DA:50,6
DA:51,6
DA:57,2
DA:59,2
DA:63,4
DA:64,4
DA:65,4
DA:69,9
DA:70,3
DA:73,9
DA:74,3
DA:77,9
LF:44
LH:42
BRDA:9,0,0,1
BRDA:9,0,1,1
BRDA:10,1,0,1
BRDA:10,1,1,0
BRDA:20,2,0,1
BRDA:20,2,1,1
BRDA:22,3,0,0
BRDA:22,3,1,2
BRDA:34,4,0,0
BRDA:34,4,1,6
BRDA:36,5,0,6
BRDA:36,5,1,0
BRDA:38,6,0,2
BRDA:38,6,1,4
BRDA:39,7,0,2
BRDA:39,7,1,2
BRDA:64,8,0,4
BRDA:64,8,1,0
BRF:18
BRH:13
end_of_record
TN:
SF:server/bot/roast.js
FN:3,(anonymous_0)
FNF:1
FNH:0
FNDA:0,(anonymous_0)
DA:1,9
DA:3,9
DA:4,0
DA:5,0
DA:7,0
DA:10,9
LF:6
LH:3
BRF:0
BRH:0
end_of_record
TN:
SF:server/bot/status.js
FN:6,(anonymous_0)
FNF:1
FNH:1
FNDA:4,(anonymous_0)
DA:1,9
DA:2,9
DA:3,9
DA:4,9
DA:6,9
DA:7,4
DA:8,1
DA:9,3
DA:10,3
DA:11,3
DA:14,1
DA:19,3
DA:20,3
DA:22,0
DA:23,0
DA:26,3
DA:27,3
DA:28,3
DA:31,9
LF:19
LH:17
BRDA:7,0,0,1
BRDA:7,0,1,3
BRDA:11,1,0,3
BRDA:11,1,1,0
BRF:4
BRH:3
end_of_record
TN:
SF:server/constants/ERRORS.js
FNF:0
FNH:0
DA:1,10
DA:15,10
LF:2
LH:2
BRF:0
BRH:0
end_of_record
TN:
SF:server/constants/RL_RANKS.js
FNF:0
FNH:0
DA:1,10
DA:23,10
LF:2
LH:2
BRF:0
BRH:0
end_of_record
TN:
SF:server/constants/TEAM_SIZES.js
FNF:0
FNH:0
DA:1,9
DA:3,9
LF:2
LH:2
BRF:0
BRH:0
end_of_record
TN:
SF:server/data/leagues.js
FN:4,(anonymous_0)
FNF:1
FNH:1
FNDA:33,(anonymous_0)
DA:1,9
DA:3,9
DA:5,33
DA:12,9
LF:4
LH:4
BRF:0
BRH:0
end_of_record
TN:
SF:server/data/matchId.js
FN:3,(anonymous_0)
FN:6,(anonymous_1)
FN:17,(anonymous_2)
FN:27,(anonymous_3)
FNF:4
FNH:4
FNDA:8,(anonymous_0)
FNDA:8,(anonymous_1)
FNDA:12,(anonymous_2)
FNDA:8,(anonymous_3)
DA:1,9
DA:3,9
DA:6,8
DA:7,8
DA:8,8
DA:9,8
DA:10,8
DA:11,8
DA:14,8
DA:17,9
DA:18,12
DA:19,12
DA:27,9
DA:28,8
DA:29,8
DA:30,8
DA:33,9
LF:17
LH:17
BRDA:10,0,0,4
BRDA:10,0,1,4
BRF:2
BRH:2
end_of_record
TN:
SF:server/data/matches.js
FN:4,(anonymous_0)
FNF:1
FNH:1
FNDA:12,(anonymous_0)
DA:1,21
DA:3,21
DA:5,12
DA:12,21
LF:4
LH:4
BRF:0
BRH:0
end_of_record
TN:
SF:server/data/util/discord.js
FN:5,(anonymous_0)
FNF:1
FNH:1
FNDA:9,(anonymous_0)
DA:1,9
DA:5,9
DA:6,9
DA:7,9
DA:8,9
DA:10,9
DA:13,9
DA:15,9
LF:8
LH:8
BRDA:6,0,0,9
BRDA:6,0,1,0
BRF:2
BRH:1
end_of_record
TN:
SF:server/data/util/firebase.js
FNF:0
FNH:0
DA:1,21
DA:3,21
DA:18,21
DA:20,21
LF:4
LH:4
BRF:0
BRH:0
end_of_record
TN:
SF:server/data/util/typeFactory.js
FN:4,(anonymous_0)
FN:6,(anonymous_1)
FN:7,(anonymous_2)
FN:23,(anonymous_3)
FN:25,(anonymous_4)
FN:29,(anonymous_5)
FN:41,(anonymous_6)
FN:43,(anonymous_7)
FN:47,(anonymous_8)
FN:51,(anonymous_9)
FN:58,(anonymous_10)
FN:70,(anonymous_11)
FN:79,(anonymous_12)
FN:81,(anonymous_13)
FN:85,(anonymous_14)
FNF:15
FNH:6
FNDA:180,(anonymous_0)
FNDA:30,(anonymous_1)
FNDA:45,(anonymous_2)
FNDA:0,(anonymous_3)
FNDA:0,(anonymous_4)
FNDA:133,(anonymous_5)
FNDA:0,(anonymous_6)
FNDA:0,(anonymous_7)
FNDA:0,(anonymous_8)
FNDA:0,(anonymous_9)
FNDA:0,(anonymous_10)
FNDA:51,(anonymous_11)
FNDA:0,(anonymous_12)
FNDA:0,(anonymous_13)
FNDA:10,(anonymous_14)
DA:1,21
DA:2,21
DA:4,180
DA:6,21
DA:7,30
DA:8,45
DA:9,45
DA:10,45
DA:12,45
DA:13,45
DA:15,45
DA:16,0
DA:18,45
DA:20,45
DA:23,30
DA:24,0
DA:25,0
DA:26,0
DA:29,30
DA:30,133
DA:31,133
DA:33,133
DA:34,4
DA:37,129
DA:38,129
DA:41,30
DA:42,0
DA:43,0
DA:44,0
DA:47,30
DA:48,0
DA:50,0
DA:51,0
DA:52,0
DA:54,0
DA:55,0
DA:56,0
DA:58,0
DA:59,0
DA:63,0
DA:64,0
DA:67,0
DA:70,30
DA:71,51
DA:73,51
DA:74,51
DA:75,51
DA:76,51
DA:79,30
DA:80,0
DA:81,0
DA:82,0
DA:85,30
DA:86,10
DA:87,10
DA:90,30
DA:104,21
LF:57
LH:35
BRDA:6,0,0,0
BRDA:6,1,0,30
BRDA:6,2,0,30
BRDA:9,3,0,45
BRDA:9,3,1,0
BRDA:15,4,0,0
BRDA:15,4,1,45
BRDA:33,5,0,4
BRDA:33,5,1,129
BRDA:50,6,0,0
BRDA:50,6,1,0
BRDA:56,7,0,0
BRDA:56,7,1,0
BRF:13
BRH:6
end_of_record
TN:
SF:server/util/balanceTeams.js
FN:3,(anonymous_0)
FN:9,(anonymous_1)
FN:9,(anonymous_2)
FN:11,(anonymous_3)
FN:13,(anonymous_4)
FN:16,(anonymous_5)
FNF:6
FNH:6
FNDA:176,(anonymous_0)
FNDA:76,(anonymous_1)
FNDA:58,(anonymous_2)
FNDA:10,(anonymous_3)
FNDA:59,(anonymous_4)
FNDA:48,(anonymous_5)
DA:1,10
DA:3,10
DA:4,176
DA:5,176
DA:6,176
DA:9,76
DA:11,10
DA:13,59
DA:14,10
DA:16,10
DA:20,48
DA:21,43
DA:22,38
DA:24,48
DA:27,10
DA:30,10
LF:16
LH:16
BRDA:4,0,0,176
BRDA:4,0,1,0
BRDA:5,1,0,118
BRDA:5,1,1,58
BRDA:20,2,0,5
BRDA:20,2,1,43
BRDA:21,3,0,5
BRDA:21,3,1,38
BRDA:22,4,0,19
BRDA:22,4,1,19
BRF:10
BRH:9
end_of_record
TN:
SF:server/util/getCommentary.js
FN:1,(anonymous_0)
FN:6,(anonymous_1)
FN:34,(anonymous_2)
FNF:3
FNH:2
FNDA:2,(anonymous_0)
FNDA:0,(anonymous_1)
FNDA:2,(anonymous_2)
DA:1,9
DA:2,2
DA:3,2
DA:6,9
DA:7,0
DA:22,0
DA:23,0
DA:31,0
DA:34,9
DA:35,2
DA:46,2
DA:49,9
LF:12
LH:8
BRDA:22,0,0,0
BRDA:22,0,1,0
BRF:2
BRH:0
end_of_record
TN:
SF:server/util/getGuildUser.js
FN:4,(anonymous_0)
FN:24,(anonymous_1)
FNF:2
FNH:2
FNDA:28,(anonymous_0)
FNDA:8,(anonymous_1)
DA:1,9
DA:2,9
DA:4,9
DA:5,28
DA:10,28
DA:11,28
DA:12,28
DA:14,28
DA:20,0
DA:23,28
DA:24,28
DA:25,28
DA:27,28
DA:35,9
LF:14
LH:13
BRDA:23,0,0,28
BRDA:23,0,1,20
BRDA:25,1,0,8
BRDA:25,1,1,20
BRF:4
BRH:4
end_of_record
TN:
SF:server/util/getLeagueStats.js
FN:3,(anonymous_0)
FN:10,(anonymous_1)
FN:11,(anonymous_2)
FN:21,(anonymous_3)
FN:35,(anonymous_4)
FN:39,(anonymous_5)
FN:43,(anonymous_6)
FNF:7
FNH:0
FNDA:0,(anonymous_0)
FNDA:0,(anonymous_1)
FNDA:0,(anonymous_2)
FNDA:0,(anonymous_3)
FNDA:0,(anonymous_4)
FNDA:0,(anonymous_5)
FNDA:0,(anonymous_6)
DA:1,12
DA:3,12
DA:4,0
DA:8,0
DA:10,0
DA:11,0
DA:12,0
DA:14,0
DA:16,0
DA:17,0
DA:21,0
DA:22,0
DA:23,0
DA:32,0
DA:35,12
DA:36,0
DA:38,0
DA:39,0
DA:40,0
DA:43,0
DA:44,0
DA:45,0
DA:46,0
DA:49,0
DA:52,12
LF:25
LH:4
BRDA:12,0,0,0
BRDA:12,0,1,0
BRDA:14,1,0,0
BRDA:14,1,1,0
BRDA:17,2,0,0
BRDA:17,2,1,0
BRDA:40,3,0,0
BRDA:40,3,1,0
BRDA:45,4,0,0
BRDA:45,4,1,0
BRDA:45,5,0,0
BRDA:45,5,1,0
BRF:12
BRH:0
end_of_record
TN:
SF:server/util/getTeamCombos.js
FN:1,(anonymous_0)
FN:2,(anonymous_1)
FN:4,(anonymous_2)
FN:8,(anonymous_3)
FN:14,(anonymous_4)
FN:31,(anonymous_5)
FN:33,(anonymous_6)
FN:35,(anonymous_7)
FN:39,(anonymous_8)
FNF:9
FNH:9
FNDA:6,(anonymous_0)
FNDA:24,(anonymous_1)
FNDA:123,(anonymous_2)
FNDA:102,(anonymous_3)
FNDA:256,(anonymous_4)
FNDA:255,(anonymous_5)
FNDA:102,(anonymous_6)
FNDA:716,(anonymous_7)
FNDA:358,(anonymous_8)
DA:1,10
DA:2,24
DA:4,6
DA:5,123
DA:7,123
DA:8,102
DA:11,45
DA:12,117
DA:14,117
DA:15,256
DA:20,256
DA:24,45
DA:27,6
DA:28,6
DA:29,6
DA:31,255
DA:33,6
DA:34,102
DA:35,716
DA:37,102
DA:39,358
DA:40,51
DA:41,51
DA:44,6
DA:47,10
LF:25
LH:25
BRDA:7,0,0,78
BRDA:7,0,1,45
BRDA:37,1,0,51
BRDA:37,1,1,51
BRDA:37,2,0,102
BRDA:37,2,1,102
BRDA:39,3,0,179
BRDA:39,3,1,179
BRF:8
BRH:8
end_of_record
TN:
SF:server/util/index.js
FN:3,(anonymous_0)
FN:9,(anonymous_1)
FN:14,(anonymous_2)
FN:17,(anonymous_3)
FN:20,(anonymous_4)
FN:22,(anonymous_5)
FN:23,(anonymous_6)
FN:26,(anonymous_7)
FN:28,(anonymous_8)
FN:29,(anonymous_9)
FNF:10
FNH:10
FNDA:80,(anonymous_0)
FNDA:15,(anonymous_1)
FNDA:38,(anonymous_2)
FNDA:100,(anonymous_3)
FNDA:36,(anonymous_4)
FNDA:63,(anonymous_5)
FNDA:78,(anonymous_6)
FNDA:18,(anonymous_7)
FNDA:70,(anonymous_8)
FNDA:70,(anonymous_9)
DA:1,10
DA:3,10
DA:4,80
DA:5,80
DA:6,74
DA:9,10
DA:10,15
DA:11,14
DA:14,10
DA:15,38
DA:17,100
DA:20,10
DA:21,36
DA:22,63
DA:23,78
DA:26,10
DA:27,18
DA:28,70
DA:29,70
DA:31,18
DA:34,10
LF:21
LH:21
BRDA:5,0,0,6
BRDA:5,0,1,74
BRF:2
BRH:2
end_of_record
TN:
SF:shared/commands.js
FN:38,(anonymous_0)
FNF:1
FNH:1
FNDA:27,(anonymous_0)
DA:1,9
DA:16,9
DA:22,9
DA:38,27
DA:40,9
DA:110,9
LF:6
LH:6
BRF:0
BRH:0
end_of_record
TN:
SF:shared/getAdvancedMarkdown.js
FN:1,(anonymous_0)
FNF:1
FNH:1
FNDA:1,(anonymous_0)
DA:1,9
DA:2,1
DA:4,9
LF:3
LH:3
BRF:0
BRH:0
end_of_record
TN:
SF:shared/getCommandsMarkdown.js
FN:3,(anonymous_0)
FN:5,(anonymous_1)
FN:6,(anonymous_2)
FN:7,(anonymous_3)
FNF:4
FNH:4
FNDA:2,(anonymous_0)
FNDA:24,(anonymous_1)
FNDA:50,(anonymous_2)
FNDA:20,(anonymous_3)
DA:1,9
DA:3,9
DA:4,2
DA:5,24
DA:6,50
DA:9,20
DA:11,20
DA:12,20
DA:16,9
LF:9
LH:9
BRDA:6,0,0,10
BRDA:6,0,1,40
BRDA:9,1,0,16
BRDA:9,1,1,4
BRDA:9,2,0,20
BRDA:9,2,1,18
BRDA:11,3,0,18
BRDA:11,3,1,2
BRF:8
BRH:8
end_of_record
TN:
SF:shared/getVariablesMarkdown.js
FN:3,(anonymous_0)
FN:5,(anonymous_1)
FN:6,(anonymous_2)
FN:7,(anonymous_3)
FNF:4
FNH:4
FNDA:1,(anonymous_0)
FNDA:3,(anonymous_1)
FNDA:1,(anonymous_2)
FNDA:2,(anonymous_3)
DA:1,9
DA:3,9
DA:4,1
DA:5,3
DA:6,1
DA:8,2
DA:12,9
LF:7
LH:7
BRDA:6,0,0,0
BRDA:6,0,1,1
BRF:2
BRH:1
end_of_record
TN:
SF:test/league.js
FNF:0
FNH:0
DA:1,4
DA:7,4
DA:13,4
DA:19,4
LF:4
LH:4
BRF:0
BRH:0
end_of_record
TN:
SF:test/match.js
FNF:0
FNH:0
DA:1,2
DA:10,2
DA:21,2
DA:34,2
LF:4
LH:4
BRF:0
BRH:0
end_of_record
